{"C:\\Users\\Usman Mustafa\\OneDrive\\Desktop\\Echo\\scripts\\ai-models.js": {"path":"C:\\Users\\Usman Mustafa\\OneDrive\\Desktop\\Echo\\scripts\\ai-models.js","statementMap":{"0":{"start":{"line":6,"column":18},"end":{"line":42,"column":1}},"1":{"start":{"line":44,"column":0},"end":{"line":44,"column":27}}},"fnMap":{},"branchMap":{},"s":{"0":0,"1":0},"f":{},"b":{}}
,"C:\\Users\\Usman Mustafa\\OneDrive\\Desktop\\Echo\\scripts\\auto-update.js": {"path":"C:\\Users\\Usman Mustafa\\OneDrive\\Desktop\\Echo\\scripts\\auto-update.js","statementMap":{"0":{"start":{"line":1,"column":22},"end":{"line":1,"column":57}},"1":{"start":{"line":2,"column":22},"end":{"line":2,"column":57}},"2":{"start":{"line":3,"column":14},"end":{"line":3,"column":30}},"3":{"start":{"line":10,"column":19},"end":{"line":10,"column":38}},"4":{"start":{"line":11,"column":20},"end":{"line":11,"column":39}},"5":{"start":{"line":14,"column":28},"end":{"line":14,"column":57}},"6":{"start":{"line":15,"column":4},"end":{"line":17,"column":5}},"7":{"start":{"line":16,"column":8},"end":{"line":16,"column":15}},"8":{"start":{"line":20,"column":22},"end":{"line":20,"column":51}},"9":{"start":{"line":21,"column":16},"end":{"line":21,"column":26}},"10":{"start":{"line":22,"column":20},"end":{"line":22,"column":39}},"11":{"start":{"line":24,"column":4},"end":{"line":27,"column":5}},"12":{"start":{"line":26,"column":8},"end":{"line":26,"column":15}},"13":{"start":{"line":29,"column":4},"end":{"line":42,"column":5}},"14":{"start":{"line":30,"column":27},"end":{"line":30,"column":60}},"15":{"start":{"line":33,"column":8},"end":{"line":33,"column":43}},"16":{"start":{"line":35,"column":8},"end":{"line":38,"column":9}},"17":{"start":{"line":37,"column":12},"end":{"line":37,"column":58}},"18":{"start":{"line":41,"column":8},"end":{"line":41,"column":66}},"19":{"start":{"line":45,"column":0},"end":{"line":45,"column":46}}},"fnMap":{"0":{"name":"checkForUpdatesOnStartup","decl":{"start":{"line":9,"column":15},"end":{"line":9,"column":39}},"loc":{"start":{"line":9,"column":42},"end":{"line":43,"column":1}},"line":9}},"branchMap":{"0":{"loc":{"start":{"line":15,"column":4},"end":{"line":17,"column":5}},"type":"if","locations":[{"start":{"line":15,"column":4},"end":{"line":17,"column":5}},{"start":{},"end":{}}],"line":15},"1":{"loc":{"start":{"line":24,"column":4},"end":{"line":27,"column":5}},"type":"if","locations":[{"start":{"line":24,"column":4},"end":{"line":27,"column":5}},{"start":{},"end":{}}],"line":24},"2":{"loc":{"start":{"line":24,"column":8},"end":{"line":24,"column":48}},"type":"binary-expr","locations":[{"start":{"line":24,"column":8},"end":{"line":24,"column":17}},{"start":{"line":24,"column":21},"end":{"line":24,"column":48}}],"line":24},"3":{"loc":{"start":{"line":35,"column":8},"end":{"line":38,"column":9}},"type":"if","locations":[{"start":{"line":35,"column":8},"end":{"line":38,"column":9}},{"start":{},"end":{}}],"line":35}},"s":{"0":0,"1":0,"2":0,"3":0,"4":0,"5":0,"6":0,"7":0,"8":0,"9":0,"10":0,"11":0,"12":0,"13":0,"14":0,"15":0,"16":0,"17":0,"18":0,"19":0},"f":{"0":0},"b":{"0":[0,0],"1":[0,0],"2":[0,0],"3":[0,0]}}
,"C:\\Users\\Usman Mustafa\\OneDrive\\Desktop\\Echo\\scripts\\config-manager.js": {"path":"C:\\Users\\Usman Mustafa\\OneDrive\\Desktop\\Echo\\scripts\\config-manager.js","statementMap":{"0":{"start":{"line":1,"column":13},"end":{"line":1,"column":28}},"1":{"start":{"line":2,"column":13},"end":{"line":2,"column":28}},"2":{"start":{"line":6,"column":4},"end":{"line":31,"column":7}},"3":{"start":{"line":34,"column":4},"end":{"line":34,"column":30}},"4":{"start":{"line":35,"column":4},"end":{"line":35,"column":30}},"5":{"start":{"line":39,"column":4},"end":{"line":58,"column":5}},"6":{"start":{"line":41,"column":6},"end":{"line":55,"column":7}},"7":{"start":{"line":42,"column":30},"end":{"line":42,"column":57}},"8":{"start":{"line":43,"column":8},"end":{"line":43,"column":49}},"9":{"start":{"line":46,"column":8},"end":{"line":54,"column":9}},"10":{"start":{"line":47,"column":26},"end":{"line":47,"column":52}},"11":{"start":{"line":48,"column":10},"end":{"line":53,"column":11}},"12":{"start":{"line":49,"column":12},"end":{"line":49,"column":61}},"13":{"start":{"line":50,"column":12},"end":{"line":50,"column":43}},"14":{"start":{"line":51,"column":12},"end":{"line":51,"column":59}},"15":{"start":{"line":52,"column":12},"end":{"line":52,"column":65}},"16":{"start":{"line":57,"column":6},"end":{"line":57,"column":67}},"17":{"start":{"line":63,"column":4},"end":{"line":65,"column":5}},"18":{"start":{"line":64,"column":6},"end":{"line":64,"column":48}},"19":{"start":{"line":66,"column":4},"end":{"line":66,"column":32}},"20":{"start":{"line":71,"column":4},"end":{"line":76,"column":5}},"21":{"start":{"line":72,"column":6},"end":{"line":74,"column":9}},"22":{"start":{"line":73,"column":8},"end":{"line":73,"column":64}},"23":{"start":{"line":75,"column":6},"end":{"line":75,"column":13}},"24":{"start":{"line":77,"column":4},"end":{"line":77,"column":32}},"25":{"start":{"line":84,"column":4},"end":{"line":86,"column":5}},"26":{"start":{"line":85,"column":6},"end":{"line":85,"column":52}},"27":{"start":{"line":88,"column":17},"end":{"line":88,"column":49}},"28":{"start":{"line":89,"column":4},"end":{"line":89,"column":26}},"29":{"start":{"line":96,"column":4},"end":{"line":103,"column":5}},"30":{"start":{"line":97,"column":6},"end":{"line":97,"column":50}},"31":{"start":{"line":100,"column":19},"end":{"line":100,"column":51}},"32":{"start":{"line":101,"column":6},"end":{"line":101,"column":27}},"33":{"start":{"line":102,"column":6},"end":{"line":102,"column":39}},"34":{"start":{"line":107,"column":4},"end":{"line":107,"column":32}},"35":{"start":{"line":111,"column":4},"end":{"line":111,"column":28}},"36":{"start":{"line":115,"column":4},"end":{"line":115,"column":24}},"37":{"start":{"line":119,"column":4},"end":{"line":119,"column":29}},"38":{"start":{"line":123,"column":19},"end":{"line":130,"column":5}},"39":{"start":{"line":131,"column":4},"end":{"line":131,"column":44}},"40":{"start":{"line":135,"column":22},"end":{"line":147,"column":5}},"41":{"start":{"line":148,"column":4},"end":{"line":148,"column":60}},"42":{"start":{"line":152,"column":18},"end":{"line":156,"column":5}},"43":{"start":{"line":157,"column":4},"end":{"line":157,"column":39}},"44":{"start":{"line":161,"column":0},"end":{"line":161,"column":31}}},"fnMap":{"0":{"name":"(anonymous_0)","decl":{"start":{"line":5,"column":2},"end":{"line":5,"column":3}},"loc":{"start":{"line":5,"column":16},"end":{"line":36,"column":3}},"line":5},"1":{"name":"(anonymous_1)","decl":{"start":{"line":38,"column":2},"end":{"line":38,"column":3}},"loc":{"start":{"line":38,"column":23},"end":{"line":59,"column":3}},"line":38},"2":{"name":"(anonymous_2)","decl":{"start":{"line":61,"column":2},"end":{"line":61,"column":3}},"loc":{"start":{"line":61,"column":11},"end":{"line":67,"column":3}},"line":61},"3":{"name":"(anonymous_3)","decl":{"start":{"line":69,"column":2},"end":{"line":69,"column":3}},"loc":{"start":{"line":69,"column":18},"end":{"line":78,"column":3}},"line":69},"4":{"name":"(anonymous_4)","decl":{"start":{"line":72,"column":33},"end":{"line":72,"column":34}},"loc":{"start":{"line":72,"column":45},"end":{"line":74,"column":7}},"line":72},"5":{"name":"(anonymous_5)","decl":{"start":{"line":83,"column":2},"end":{"line":83,"column":3}},"loc":{"start":{"line":83,"column":22},"end":{"line":90,"column":3}},"line":83},"6":{"name":"(anonymous_6)","decl":{"start":{"line":95,"column":2},"end":{"line":95,"column":3}},"loc":{"start":{"line":95,"column":27},"end":{"line":104,"column":3}},"line":95},"7":{"name":"(anonymous_7)","decl":{"start":{"line":106,"column":2},"end":{"line":106,"column":3}},"loc":{"start":{"line":106,"column":11},"end":{"line":108,"column":3}},"line":106},"8":{"name":"(anonymous_8)","decl":{"start":{"line":110,"column":2},"end":{"line":110,"column":3}},"loc":{"start":{"line":110,"column":14},"end":{"line":112,"column":3}},"line":110},"9":{"name":"(anonymous_9)","decl":{"start":{"line":114,"column":2},"end":{"line":114,"column":3}},"loc":{"start":{"line":114,"column":10},"end":{"line":116,"column":3}},"line":114},"10":{"name":"(anonymous_10)","decl":{"start":{"line":118,"column":2},"end":{"line":118,"column":3}},"loc":{"start":{"line":118,"column":14},"end":{"line":120,"column":3}},"line":118},"11":{"name":"(anonymous_11)","decl":{"start":{"line":122,"column":2},"end":{"line":122,"column":3}},"loc":{"start":{"line":122,"column":28},"end":{"line":132,"column":3}},"line":122},"12":{"name":"(anonymous_12)","decl":{"start":{"line":134,"column":2},"end":{"line":134,"column":3}},"loc":{"start":{"line":134,"column":54},"end":{"line":149,"column":3}},"line":134},"13":{"name":"(anonymous_13)","decl":{"start":{"line":151,"column":2},"end":{"line":151,"column":3}},"loc":{"start":{"line":151,"column":22},"end":{"line":158,"column":3}},"line":151}},"branchMap":{"0":{"loc":{"start":{"line":41,"column":6},"end":{"line":55,"column":7}},"type":"if","locations":[{"start":{"line":41,"column":6},"end":{"line":55,"column":7}},{"start":{},"end":{}}],"line":41},"1":{"loc":{"start":{"line":41,"column":10},"end":{"line":41,"column":89}},"type":"binary-expr","locations":[{"start":{"line":41,"column":10},"end":{"line":41,"column":40}},{"start":{"line":41,"column":44},"end":{"line":41,"column":60}},{"start":{"line":41,"column":64},"end":{"line":41,"column":89}}],"line":41},"2":{"loc":{"start":{"line":46,"column":8},"end":{"line":54,"column":9}},"type":"if","locations":[{"start":{"line":46,"column":8},"end":{"line":54,"column":9}},{"start":{},"end":{}}],"line":46},"3":{"loc":{"start":{"line":48,"column":10},"end":{"line":53,"column":11}},"type":"if","locations":[{"start":{"line":48,"column":10},"end":{"line":53,"column":11}},{"start":{},"end":{}}],"line":48},"4":{"loc":{"start":{"line":48,"column":14},"end":{"line":48,"column":56}},"type":"binary-expr","locations":[{"start":{"line":48,"column":14},"end":{"line":48,"column":21}},{"start":{"line":48,"column":25},"end":{"line":48,"column":56}}],"line":48},"5":{"loc":{"start":{"line":63,"column":4},"end":{"line":65,"column":5}},"type":"if","locations":[{"start":{"line":63,"column":4},"end":{"line":65,"column":5}},{"start":{},"end":{}}],"line":63},"6":{"loc":{"start":{"line":63,"column":8},"end":{"line":63,"column":47}},"type":"binary-expr","locations":[{"start":{"line":63,"column":8},"end":{"line":63,"column":25}},{"start":{"line":63,"column":29},"end":{"line":63,"column":47}}],"line":63},"7":{"loc":{"start":{"line":71,"column":4},"end":{"line":76,"column":5}},"type":"if","locations":[{"start":{"line":71,"column":4},"end":{"line":76,"column":5}},{"start":{},"end":{}}],"line":71},"8":{"loc":{"start":{"line":71,"column":8},"end":{"line":71,"column":56}},"type":"binary-expr","locations":[{"start":{"line":71,"column":8},"end":{"line":71,"column":25}},{"start":{"line":71,"column":29},"end":{"line":71,"column":47}},{"start":{"line":71,"column":51},"end":{"line":71,"column":56}}],"line":71},"9":{"loc":{"start":{"line":84,"column":4},"end":{"line":86,"column":5}},"type":"if","locations":[{"start":{"line":84,"column":4},"end":{"line":86,"column":5}},{"start":{},"end":{}}],"line":84},"10":{"loc":{"start":{"line":88,"column":17},"end":{"line":88,"column":49}},"type":"binary-expr","locations":[{"start":{"line":88,"column":17},"end":{"line":88,"column":43}},{"start":{"line":88,"column":47},"end":{"line":88,"column":49}}],"line":88},"11":{"loc":{"start":{"line":96,"column":4},"end":{"line":103,"column":5}},"type":"if","locations":[{"start":{"line":96,"column":4},"end":{"line":103,"column":5}},{"start":{"line":98,"column":11},"end":{"line":103,"column":5}}],"line":96},"12":{"loc":{"start":{"line":100,"column":19},"end":{"line":100,"column":51}},"type":"binary-expr","locations":[{"start":{"line":100,"column":19},"end":{"line":100,"column":45}},{"start":{"line":100,"column":49},"end":{"line":100,"column":51}}],"line":100},"13":{"loc":{"start":{"line":131,"column":11},"end":{"line":131,"column":43}},"type":"binary-expr","locations":[{"start":{"line":131,"column":11},"end":{"line":131,"column":28}},{"start":{"line":131,"column":32},"end":{"line":131,"column":43}}],"line":131},"14":{"loc":{"start":{"line":148,"column":11},"end":{"line":148,"column":59}},"type":"binary-expr","locations":[{"start":{"line":148,"column":11},"end":{"line":148,"column":30}},{"start":{"line":148,"column":34},"end":{"line":148,"column":59}}],"line":148},"15":{"loc":{"start":{"line":157,"column":11},"end":{"line":157,"column":38}},"type":"binary-expr","locations":[{"start":{"line":157,"column":11},"end":{"line":157,"column":22}},{"start":{"line":157,"column":26},"end":{"line":157,"column":38}}],"line":157}},"s":{"0":2,"1":2,"2":3,"3":3,"4":3,"5":3,"6":3,"7":0,"8":0,"9":0,"10":0,"11":0,"12":0,"13":0,"14":0,"15":0,"16":0,"17":1,"18":0,"19":1,"20":1,"21":0,"22":0,"23":0,"24":1,"25":0,"26":0,"27":0,"28":0,"29":0,"30":0,"31":0,"32":0,"33":0,"34":0,"35":0,"36":0,"37":0,"38":1,"39":1,"40":0,"41":0,"42":1,"43":1,"44":2},"f":{"0":3,"1":3,"2":1,"3":1,"4":0,"5":0,"6":0,"7":0,"8":0,"9":0,"10":0,"11":1,"12":0,"13":1},"b":{"0":[0,3],"1":[3,3,3],"2":[0,0],"3":[0,0],"4":[0,0],"5":[0,1],"6":[1,0],"7":[0,1],"8":[1,0,0],"9":[0,0],"10":[0,0],"11":[0,0],"12":[0,0],"13":[1,0],"14":[0,0],"15":[1,0]},"_coverageSchema":"1a1c01bbd47fc00a2c39e90264f33305004495a9","hash":"59b5006e53b5d553020eb10dadac68c11358294d"}
,"C:\\Users\\Usman Mustafa\\OneDrive\\Desktop\\Echo\\scripts\\docs-server.js": {"path":"C:\\Users\\Usman Mustafa\\OneDrive\\Desktop\\Echo\\scripts\\docs-server.js","statementMap":{"0":{"start":{"line":1,"column":13},"end":{"line":1,"column":28}},"1":{"start":{"line":2,"column":11},"end":{"line":2,"column":24}},"2":{"start":{"line":3,"column":13},"end":{"line":3,"column":28}},"3":{"start":{"line":4,"column":17},"end":{"line":4,"column":41}},"4":{"start":{"line":5,"column":14},"end":{"line":5,"column":30}},"5":{"start":{"line":7,"column":24},"end":{"line":7,"column":48}},"6":{"start":{"line":8,"column":17},"end":{"line":8,"column":64}},"7":{"start":{"line":10,"column":19},"end":{"line":27,"column":1}},"8":{"start":{"line":30,"column":2},"end":{"line":34,"column":3}},"9":{"start":{"line":31,"column":4},"end":{"line":31,"column":94}},"10":{"start":{"line":32,"column":4},"end":{"line":32,"column":76}},"11":{"start":{"line":33,"column":4},"end":{"line":33,"column":11}},"12":{"start":{"line":36,"column":15},"end":{"line":36,"column":41}},"13":{"start":{"line":38,"column":2},"end":{"line":43,"column":3}},"14":{"start":{"line":39,"column":4},"end":{"line":39,"column":65}},"15":{"start":{"line":40,"column":4},"end":{"line":40,"column":71}},"16":{"start":{"line":41,"column":4},"end":{"line":41,"column":80}},"17":{"start":{"line":42,"column":4},"end":{"line":42,"column":11}},"18":{"start":{"line":45,"column":17},"end":{"line":63,"column":4}},"19":{"start":{"line":46,"column":19},"end":{"line":46,"column":80}},"20":{"start":{"line":47,"column":4},"end":{"line":49,"column":5}},"21":{"start":{"line":48,"column":6},"end":{"line":48,"column":51}},"22":{"start":{"line":51,"column":20},"end":{"line":51,"column":64}},"23":{"start":{"line":52,"column":24},"end":{"line":52,"column":73}},"24":{"start":{"line":54,"column":4},"end":{"line":62,"column":7}},"25":{"start":{"line":55,"column":6},"end":{"line":61,"column":7}},"26":{"start":{"line":56,"column":8},"end":{"line":56,"column":27}},"27":{"start":{"line":57,"column":8},"end":{"line":57,"column":47}},"28":{"start":{"line":59,"column":8},"end":{"line":59,"column":60}},"29":{"start":{"line":60,"column":8},"end":{"line":60,"column":34}},"30":{"start":{"line":65,"column":2},"end":{"line":72,"column":5}},"31":{"start":{"line":66,"column":4},"end":{"line":71,"column":5}},"32":{"start":{"line":67,"column":6},"end":{"line":67,"column":97}},"33":{"start":{"line":68,"column":6},"end":{"line":68,"column":33}},"34":{"start":{"line":70,"column":6},"end":{"line":70,"column":65}},"35":{"start":{"line":74,"column":2},"end":{"line":85,"column":5}},"36":{"start":{"line":75,"column":16},"end":{"line":75,"column":42}},"37":{"start":{"line":76,"column":4},"end":{"line":76,"column":64}},"38":{"start":{"line":77,"column":4},"end":{"line":77,"column":77}},"39":{"start":{"line":78,"column":4},"end":{"line":80,"column":5}},"40":{"start":{"line":79,"column":6},"end":{"line":79,"column":79}},"41":{"start":{"line":81,"column":4},"end":{"line":81,"column":68}},"42":{"start":{"line":83,"column":20},"end":{"line":83,"column":112}},"43":{"start":{"line":84,"column":4},"end":{"line":84,"column":30}},"44":{"start":{"line":88,"column":0},"end":{"line":90,"column":1}},"45":{"start":{"line":89,"column":2},"end":{"line":89,"column":16}},"46":{"start":{"line":92,"column":0},"end":{"line":92,"column":33}}},"fnMap":{"0":{"name":"startServer","decl":{"start":{"line":29,"column":9},"end":{"line":29,"column":20}},"loc":{"start":{"line":29,"column":36},"end":{"line":86,"column":1}},"line":29},"1":{"name":"(anonymous_1)","decl":{"start":{"line":45,"column":35},"end":{"line":45,"column":36}},"loc":{"start":{"line":45,"column":49},"end":{"line":63,"column":3}},"line":45},"2":{"name":"(anonymous_2)","decl":{"start":{"line":54,"column":26},"end":{"line":54,"column":27}},"loc":{"start":{"line":54,"column":46},"end":{"line":62,"column":5}},"line":54},"3":{"name":"(anonymous_3)","decl":{"start":{"line":65,"column":21},"end":{"line":65,"column":22}},"loc":{"start":{"line":65,"column":30},"end":{"line":72,"column":3}},"line":65},"4":{"name":"(anonymous_4)","decl":{"start":{"line":74,"column":22},"end":{"line":74,"column":23}},"loc":{"start":{"line":74,"column":28},"end":{"line":85,"column":3}},"line":74}},"branchMap":{"0":{"loc":{"start":{"line":29,"column":21},"end":{"line":29,"column":34}},"type":"default-arg","locations":[{"start":{"line":29,"column":33},"end":{"line":29,"column":34}}],"line":29},"1":{"loc":{"start":{"line":30,"column":2},"end":{"line":34,"column":3}},"type":"if","locations":[{"start":{"line":30,"column":2},"end":{"line":34,"column":3}},{"start":{},"end":{}}],"line":30},"2":{"loc":{"start":{"line":38,"column":2},"end":{"line":43,"column":3}},"type":"if","locations":[{"start":{"line":38,"column":2},"end":{"line":43,"column":3}},{"start":{},"end":{}}],"line":38},"3":{"loc":{"start":{"line":46,"column":39},"end":{"line":46,"column":79}},"type":"cond-expr","locations":[{"start":{"line":46,"column":57},"end":{"line":46,"column":69}},{"start":{"line":46,"column":72},"end":{"line":46,"column":79}}],"line":46},"4":{"loc":{"start":{"line":47,"column":4},"end":{"line":49,"column":5}},"type":"if","locations":[{"start":{"line":47,"column":4},"end":{"line":49,"column":5}},{"start":{},"end":{}}],"line":47},"5":{"loc":{"start":{"line":52,"column":24},"end":{"line":52,"column":73}},"type":"binary-expr","locations":[{"start":{"line":52,"column":24},"end":{"line":52,"column":43}},{"start":{"line":52,"column":47},"end":{"line":52,"column":73}}],"line":52},"6":{"loc":{"start":{"line":55,"column":6},"end":{"line":61,"column":7}},"type":"if","locations":[{"start":{"line":55,"column":6},"end":{"line":61,"column":7}},{"start":{"line":58,"column":13},"end":{"line":61,"column":7}}],"line":55},"7":{"loc":{"start":{"line":66,"column":4},"end":{"line":71,"column":5}},"type":"if","locations":[{"start":{"line":66,"column":4},"end":{"line":71,"column":5}},{"start":{"line":69,"column":11},"end":{"line":71,"column":5}}],"line":66},"8":{"loc":{"start":{"line":78,"column":4},"end":{"line":80,"column":5}},"type":"if","locations":[{"start":{"line":78,"column":4},"end":{"line":80,"column":5}},{"start":{},"end":{}}],"line":78},"9":{"loc":{"start":{"line":83,"column":20},"end":{"line":83,"column":112}},"type":"cond-expr","locations":[{"start":{"line":83,"column":51},"end":{"line":83,"column":58}},{"start":{"line":83,"column":61},"end":{"line":83,"column":112}}],"line":83},"10":{"loc":{"start":{"line":83,"column":61},"end":{"line":83,"column":112}},"type":"cond-expr","locations":[{"start":{"line":83,"column":93},"end":{"line":83,"column":99}},{"start":{"line":83,"column":102},"end":{"line":83,"column":112}}],"line":83},"11":{"loc":{"start":{"line":88,"column":0},"end":{"line":90,"column":1}},"type":"if","locations":[{"start":{"line":88,"column":0},"end":{"line":90,"column":1}},{"start":{},"end":{}}],"line":88}},"s":{"0":0,"1":0,"2":0,"3":0,"4":0,"5":0,"6":0,"7":0,"8":0,"9":0,"10":0,"11":0,"12":0,"13":0,"14":0,"15":0,"16":0,"17":0,"18":0,"19":0,"20":0,"21":0,"22":0,"23":0,"24":0,"25":0,"26":0,"27":0,"28":0,"29":0,"30":0,"31":0,"32":0,"33":0,"34":0,"35":0,"36":0,"37":0,"38":0,"39":0,"40":0,"41":0,"42":0,"43":0,"44":0,"45":0,"46":0},"f":{"0":0,"1":0,"2":0,"3":0,"4":0},"b":{"0":[0],"1":[0,0],"2":[0,0],"3":[0,0],"4":[0,0],"5":[0,0],"6":[0,0],"7":[0,0],"8":[0,0],"9":[0,0],"10":[0,0],"11":[0,0]}}
,"C:\\Users\\Usman Mustafa\\OneDrive\\Desktop\\Echo\\scripts\\memory-manager.js": {"path":"C:\\Users\\Usman Mustafa\\OneDrive\\Desktop\\Echo\\scripts\\memory-manager.js","statementMap":{"0":{"start":{"line":1,"column":11},"end":{"line":1,"column":24}},"1":{"start":{"line":2,"column":13},"end":{"line":2,"column":28}},"2":{"start":{"line":3,"column":11},"end":{"line":3,"column":24}},"3":{"start":{"line":4,"column":15},"end":{"line":4,"column":32}},"4":{"start":{"line":8,"column":8},"end":{"line":8,"column":65}},"5":{"start":{"line":9,"column":8},"end":{"line":9,"column":73}},"6":{"start":{"line":10,"column":8},"end":{"line":10,"column":69}},"7":{"start":{"line":13,"column":8},"end":{"line":13,"column":39}},"8":{"start":{"line":15,"column":8},"end":{"line":15,"column":94}},"9":{"start":{"line":18,"column":8},"end":{"line":18,"column":35}},"10":{"start":{"line":19,"column":8},"end":{"line":19,"column":35}},"11":{"start":{"line":20,"column":8},"end":{"line":20,"column":38}},"12":{"start":{"line":21,"column":8},"end":{"line":21,"column":45}},"13":{"start":{"line":23,"column":8},"end":{"line":23,"column":20}},"14":{"start":{"line":27,"column":8},"end":{"line":29,"column":9}},"15":{"start":{"line":28,"column":12},"end":{"line":28,"column":62}},"16":{"start":{"line":32,"column":8},"end":{"line":32,"column":29}},"17":{"start":{"line":39,"column":19},"end":{"line":39,"column":41}},"18":{"start":{"line":40,"column":23},"end":{"line":40,"column":74}},"19":{"start":{"line":41,"column":24},"end":{"line":41,"column":58}},"20":{"start":{"line":42,"column":8},"end":{"line":42,"column":41}},"21":{"start":{"line":43,"column":8},"end":{"line":43,"column":52}},"22":{"start":{"line":50,"column":8},"end":{"line":60,"column":9}},"23":{"start":{"line":51,"column":30},"end":{"line":51,"column":45}},"24":{"start":{"line":52,"column":23},"end":{"line":52,"column":60}},"25":{"start":{"line":53,"column":34},"end":{"line":53,"column":73}},"26":{"start":{"line":54,"column":29},"end":{"line":54,"column":82}},"27":{"start":{"line":55,"column":28},"end":{"line":55,"column":73}},"28":{"start":{"line":56,"column":12},"end":{"line":56,"column":48}},"29":{"start":{"line":57,"column":12},"end":{"line":57,"column":29}},"30":{"start":{"line":59,"column":12},"end":{"line":59,"column":24}},"31":{"start":{"line":68,"column":8},"end":{"line":70,"column":9}},"32":{"start":{"line":69,"column":12},"end":{"line":69,"column":80}},"33":{"start":{"line":72,"column":22},"end":{"line":72,"column":42}},"34":{"start":{"line":73,"column":8},"end":{"line":77,"column":11}},"35":{"start":{"line":80,"column":8},"end":{"line":82,"column":9}},"36":{"start":{"line":81,"column":12},"end":{"line":81,"column":58}},"37":{"start":{"line":84,"column":30},"end":{"line":84,"column":67}},"38":{"start":{"line":87,"column":8},"end":{"line":94,"column":9}},"39":{"start":{"line":89,"column":12},"end":{"line":89,"column":74}},"40":{"start":{"line":90,"column":31},"end":{"line":90,"column":68}},"41":{"start":{"line":91,"column":12},"end":{"line":91,"column":59}},"42":{"start":{"line":93,"column":12},"end":{"line":93,"column":62}},"43":{"start":{"line":102,"column":31},"end":{"line":102,"column":61}},"44":{"start":{"line":103,"column":28},"end":{"line":103,"column":48}},"45":{"start":{"line":105,"column":8},"end":{"line":105,"column":50}},"46":{"start":{"line":112,"column":8},"end":{"line":114,"column":9}},"47":{"start":{"line":113,"column":12},"end":{"line":113,"column":22}},"48":{"start":{"line":115,"column":8},"end":{"line":122,"column":9}},"49":{"start":{"line":116,"column":34},"end":{"line":116,"column":75}},"50":{"start":{"line":117,"column":34},"end":{"line":117,"column":61}},"51":{"start":{"line":118,"column":12},"end":{"line":118,"column":66}},"52":{"start":{"line":120,"column":12},"end":{"line":120,"column":55}},"53":{"start":{"line":121,"column":12},"end":{"line":121,"column":22}},"54":{"start":{"line":129,"column":24},"end":{"line":129,"column":44}},"55":{"start":{"line":130,"column":24},"end":{"line":130,"column":25}},"56":{"start":{"line":132,"column":8},"end":{"line":134,"column":9}},"57":{"start":{"line":133,"column":12},"end":{"line":133,"column":60}},"58":{"start":{"line":135,"column":8},"end":{"line":137,"column":9}},"59":{"start":{"line":136,"column":12},"end":{"line":136,"column":58}},"60":{"start":{"line":139,"column":8},"end":{"line":145,"column":10}},"61":{"start":{"line":152,"column":22},"end":{"line":152,"column":43}},"62":{"start":{"line":155,"column":8},"end":{"line":164,"column":9}},"63":{"start":{"line":156,"column":28},"end":{"line":156,"column":48}},"64":{"start":{"line":157,"column":31},"end":{"line":157,"column":68}},"65":{"start":{"line":158,"column":34},"end":{"line":158,"column":60}},"66":{"start":{"line":160,"column":34},"end":{"line":160,"column":77}},"67":{"start":{"line":161,"column":12},"end":{"line":161,"column":62}},"68":{"start":{"line":163,"column":12},"end":{"line":163,"column":90}},"69":{"start":{"line":172,"column":24},"end":{"line":172,"column":44}},"70":{"start":{"line":173,"column":27},"end":{"line":173,"column":46}},"71":{"start":{"line":175,"column":8},"end":{"line":178,"column":11}},"72":{"start":{"line":176,"column":25},"end":{"line":176,"column":56}},"73":{"start":{"line":177,"column":12},"end":{"line":177,"column":45}},"74":{"start":{"line":185,"column":8},"end":{"line":185,"column":77}},"75":{"start":{"line":185,"column":45},"end":{"line":185,"column":77}},"76":{"start":{"line":186,"column":8},"end":{"line":186,"column":73}},"77":{"start":{"line":186,"column":43},"end":{"line":186,"column":73}},"78":{"start":{"line":189,"column":30},"end":{"line":189,"column":76}},"79":{"start":{"line":190,"column":28},"end":{"line":190,"column":72}},"80":{"start":{"line":191,"column":8},"end":{"line":191,"column":71}},"81":{"start":{"line":191,"column":42},"end":{"line":191,"column":71}},"82":{"start":{"line":192,"column":8},"end":{"line":192,"column":67}},"83":{"start":{"line":192,"column":40},"end":{"line":192,"column":67}},"84":{"start":{"line":194,"column":8},"end":{"line":194,"column":20}},"85":{"start":{"line":201,"column":22},"end":{"line":201,"column":37}},"86":{"start":{"line":202,"column":8},"end":{"line":202,"column":27}},"87":{"start":{"line":203,"column":30},"end":{"line":203,"column":65}},"88":{"start":{"line":204,"column":8},"end":{"line":204,"column":56}},"89":{"start":{"line":211,"column":8},"end":{"line":213,"column":9}},"90":{"start":{"line":212,"column":12},"end":{"line":212,"column":22}},"91":{"start":{"line":214,"column":8},"end":{"line":220,"column":9}},"92":{"start":{"line":215,"column":34},"end":{"line":215,"column":73}},"93":{"start":{"line":216,"column":34},"end":{"line":216,"column":61}},"94":{"start":{"line":217,"column":12},"end":{"line":217,"column":66}},"95":{"start":{"line":219,"column":12},"end":{"line":219,"column":22}},"96":{"start":{"line":224,"column":0},"end":{"line":224,"column":31}}},"fnMap":{"0":{"name":"(anonymous_0)","decl":{"start":{"line":7,"column":4},"end":{"line":7,"column":5}},"loc":{"start":{"line":7,"column":18},"end":{"line":24,"column":5}},"line":7},"1":{"name":"(anonymous_1)","decl":{"start":{"line":26,"column":4},"end":{"line":26,"column":5}},"loc":{"start":{"line":26,"column":11},"end":{"line":33,"column":5}},"line":26},"2":{"name":"(anonymous_2)","decl":{"start":{"line":38,"column":4},"end":{"line":38,"column":5}},"loc":{"start":{"line":38,"column":18},"end":{"line":44,"column":5}},"line":38},"3":{"name":"(anonymous_3)","decl":{"start":{"line":49,"column":4},"end":{"line":49,"column":5}},"loc":{"start":{"line":49,"column":18},"end":{"line":61,"column":5}},"line":49},"4":{"name":"(anonymous_4)","decl":{"start":{"line":66,"column":4},"end":{"line":66,"column":5}},"loc":{"start":{"line":66,"column":28},"end":{"line":95,"column":5}},"line":66},"5":{"name":"(anonymous_5)","decl":{"start":{"line":101,"column":4},"end":{"line":101,"column":5}},"loc":{"start":{"line":101,"column":29},"end":{"line":106,"column":5}},"line":101},"6":{"name":"(anonymous_6)","decl":{"start":{"line":111,"column":4},"end":{"line":111,"column":5}},"loc":{"start":{"line":111,"column":20},"end":{"line":123,"column":5}},"line":111},"7":{"name":"(anonymous_7)","decl":{"start":{"line":128,"column":4},"end":{"line":128,"column":5}},"loc":{"start":{"line":128,"column":21},"end":{"line":146,"column":5}},"line":128},"8":{"name":"(anonymous_8)","decl":{"start":{"line":151,"column":4},"end":{"line":151,"column":5}},"loc":{"start":{"line":151,"column":20},"end":{"line":165,"column":5}},"line":151},"9":{"name":"(anonymous_9)","decl":{"start":{"line":171,"column":4},"end":{"line":171,"column":5}},"loc":{"start":{"line":171,"column":25},"end":{"line":179,"column":5}},"line":171},"10":{"name":"(anonymous_10)","decl":{"start":{"line":175,"column":30},"end":{"line":175,"column":31}},"loc":{"start":{"line":175,"column":37},"end":{"line":178,"column":9}},"line":175},"11":{"name":"(anonymous_11)","decl":{"start":{"line":184,"column":4},"end":{"line":184,"column":5}},"loc":{"start":{"line":184,"column":18},"end":{"line":195,"column":5}},"line":184},"12":{"name":"(anonymous_12)","decl":{"start":{"line":200,"column":4},"end":{"line":200,"column":5}},"loc":{"start":{"line":200,"column":25},"end":{"line":205,"column":5}},"line":200},"13":{"name":"(anonymous_13)","decl":{"start":{"line":210,"column":4},"end":{"line":210,"column":5}},"loc":{"start":{"line":210,"column":15},"end":{"line":221,"column":5}},"line":210}},"branchMap":{"0":{"loc":{"start":{"line":27,"column":8},"end":{"line":29,"column":9}},"type":"if","locations":[{"start":{"line":27,"column":8},"end":{"line":29,"column":9}},{"start":{},"end":{}}],"line":27},"1":{"loc":{"start":{"line":68,"column":8},"end":{"line":70,"column":9}},"type":"if","locations":[{"start":{"line":68,"column":8},"end":{"line":70,"column":9}},{"start":{},"end":{}}],"line":68},"2":{"loc":{"start":{"line":80,"column":8},"end":{"line":82,"column":9}},"type":"if","locations":[{"start":{"line":80,"column":8},"end":{"line":82,"column":9}},{"start":{},"end":{}}],"line":80},"3":{"loc":{"start":{"line":87,"column":8},"end":{"line":94,"column":9}},"type":"if","locations":[{"start":{"line":87,"column":8},"end":{"line":94,"column":9}},{"start":{"line":92,"column":15},"end":{"line":94,"column":9}}],"line":87},"4":{"loc":{"start":{"line":101,"column":15},"end":{"line":101,"column":27}},"type":"default-arg","locations":[{"start":{"line":101,"column":23},"end":{"line":101,"column":27}}],"line":101},"5":{"loc":{"start":{"line":102,"column":31},"end":{"line":102,"column":61}},"type":"binary-expr","locations":[{"start":{"line":102,"column":31},"end":{"line":102,"column":36}},{"start":{"line":102,"column":40},"end":{"line":102,"column":61}}],"line":102},"6":{"loc":{"start":{"line":112,"column":8},"end":{"line":114,"column":9}},"type":"if","locations":[{"start":{"line":112,"column":8},"end":{"line":114,"column":9}},{"start":{},"end":{}}],"line":112},"7":{"loc":{"start":{"line":118,"column":19},"end":{"line":118,"column":65}},"type":"cond-expr","locations":[{"start":{"line":118,"column":35},"end":{"line":118,"column":60}},{"start":{"line":118,"column":63},"end":{"line":118,"column":65}}],"line":118},"8":{"loc":{"start":{"line":132,"column":8},"end":{"line":134,"column":9}},"type":"if","locations":[{"start":{"line":132,"column":8},"end":{"line":134,"column":9}},{"start":{},"end":{}}],"line":132},"9":{"loc":{"start":{"line":135,"column":8},"end":{"line":137,"column":9}},"type":"if","locations":[{"start":{"line":135,"column":8},"end":{"line":137,"column":9}},{"start":{},"end":{}}],"line":135},"10":{"loc":{"start":{"line":155,"column":8},"end":{"line":164,"column":9}},"type":"if","locations":[{"start":{"line":155,"column":8},"end":{"line":164,"column":9}},{"start":{},"end":{}}],"line":155},"11":{"loc":{"start":{"line":185,"column":8},"end":{"line":185,"column":77}},"type":"if","locations":[{"start":{"line":185,"column":8},"end":{"line":185,"column":77}},{"start":{},"end":{}}],"line":185},"12":{"loc":{"start":{"line":186,"column":8},"end":{"line":186,"column":73}},"type":"if","locations":[{"start":{"line":186,"column":8},"end":{"line":186,"column":73}},{"start":{},"end":{}}],"line":186},"13":{"loc":{"start":{"line":191,"column":8},"end":{"line":191,"column":71}},"type":"if","locations":[{"start":{"line":191,"column":8},"end":{"line":191,"column":71}},{"start":{},"end":{}}],"line":191},"14":{"loc":{"start":{"line":192,"column":8},"end":{"line":192,"column":67}},"type":"if","locations":[{"start":{"line":192,"column":8},"end":{"line":192,"column":67}},{"start":{},"end":{}}],"line":192},"15":{"loc":{"start":{"line":211,"column":8},"end":{"line":213,"column":9}},"type":"if","locations":[{"start":{"line":211,"column":8},"end":{"line":213,"column":9}},{"start":{},"end":{}}],"line":211},"16":{"loc":{"start":{"line":217,"column":19},"end":{"line":217,"column":65}},"type":"cond-expr","locations":[{"start":{"line":217,"column":35},"end":{"line":217,"column":60}},{"start":{"line":217,"column":63},"end":{"line":217,"column":65}}],"line":217}},"s":{"0":2,"1":2,"2":2,"3":2,"4":10,"5":10,"6":10,"7":10,"8":10,"9":10,"10":10,"11":10,"12":10,"13":10,"14":20,"15":10,"16":20,"17":1218,"18":1218,"19":1218,"20":1218,"21":1218,"22":1217,"23":1217,"24":1217,"25":1217,"26":1217,"27":1216,"28":1216,"29":1216,"30":1,"31":1216,"32":1,"33":1216,"34":1216,"35":1216,"36":10,"37":1216,"38":1216,"39":0,"40":0,"41":0,"42":1216,"43":2,"44":2,"45":2,"46":1243,"47":28,"48":1215,"49":1215,"50":1215,"51":1215,"52":0,"53":0,"54":21,"55":21,"56":21,"57":1,"58":21,"59":0,"60":21,"61":20,"62":20,"63":0,"64":0,"65":0,"66":0,"67":0,"68":0,"69":1,"70":1,"71":1,"72":3,"73":3,"74":1,"75":1,"76":1,"77":1,"78":1,"79":1,"80":1,"81":0,"82":1,"83":0,"84":1,"85":1,"86":1,"87":1,"88":1,"89":1,"90":1,"91":0,"92":0,"93":0,"94":0,"95":0,"96":2},"f":{"0":10,"1":20,"2":1218,"3":1217,"4":1216,"5":2,"6":1243,"7":21,"8":20,"9":1,"10":3,"11":1,"12":1,"13":1},"b":{"0":[10,10],"1":[1,1215],"2":[10,1206],"3":[0,1216],"4":[1],"5":[2,1],"6":[28,1215],"7":[1215,0],"8":[1,20],"9":[0,21],"10":[0,20],"11":[1,0],"12":[1,0],"13":[0,1],"14":[0,1],"15":[1,0],"16":[0,0]},"_coverageSchema":"1a1c01bbd47fc00a2c39e90264f33305004495a9","hash":"0c3428effbed19ef60a7f491f3c9ee2b0054f209"}
,"C:\\Users\\Usman Mustafa\\OneDrive\\Desktop\\Echo\\scripts\\notification-manager.js": {"path":"C:\\Users\\Usman Mustafa\\OneDrive\\Desktop\\Echo\\scripts\\notification-manager.js","statementMap":{"0":{"start":{"line":1,"column":17},"end":{"line":1,"column":41}},"1":{"start":{"line":2,"column":13},"end":{"line":2,"column":28}},"2":{"start":{"line":3,"column":11},"end":{"line":3,"column":24}},"3":{"start":{"line":7,"column":8},"end":{"line":7,"column":39}},"4":{"start":{"line":9,"column":8},"end":{"line":9,"column":73}},"5":{"start":{"line":20,"column":24},"end":{"line":26,"column":9}},"6":{"start":{"line":31,"column":8},"end":{"line":41,"column":9}},"7":{"start":{"line":32,"column":12},"end":{"line":36,"column":15}},"8":{"start":{"line":33,"column":16},"end":{"line":35,"column":17}},"9":{"start":{"line":34,"column":20},"end":{"line":34,"column":62}},"10":{"start":{"line":37,"column":12},"end":{"line":37,"column":24}},"11":{"start":{"line":39,"column":12},"end":{"line":39,"column":65}},"12":{"start":{"line":40,"column":12},"end":{"line":40,"column":25}},"13":{"start":{"line":48,"column":8},"end":{"line":48,"column":100}},"14":{"start":{"line":55,"column":8},"end":{"line":55,"column":47}},"15":{"start":{"line":62,"column":8},"end":{"line":62,"column":51}},"16":{"start":{"line":69,"column":8},"end":{"line":75,"column":11}},"17":{"start":{"line":79,"column":0},"end":{"line":79,"column":37}}},"fnMap":{"0":{"name":"(anonymous_0)","decl":{"start":{"line":6,"column":4},"end":{"line":6,"column":5}},"loc":{"start":{"line":6,"column":18},"end":{"line":10,"column":5}},"line":6},"1":{"name":"(anonymous_1)","decl":{"start":{"line":19,"column":4},"end":{"line":19,"column":5}},"loc":{"start":{"line":19,"column":56},"end":{"line":42,"column":5}},"line":19},"2":{"name":"(anonymous_2)","decl":{"start":{"line":32,"column":37},"end":{"line":32,"column":38}},"loc":{"start":{"line":32,"column":66},"end":{"line":36,"column":13}},"line":32},"3":{"name":"(anonymous_3)","decl":{"start":{"line":47,"column":4},"end":{"line":47,"column":5}},"loc":{"start":{"line":47,"column":20},"end":{"line":49,"column":5}},"line":47},"4":{"name":"(anonymous_4)","decl":{"start":{"line":54,"column":4},"end":{"line":54,"column":5}},"loc":{"start":{"line":54,"column":21},"end":{"line":56,"column":5}},"line":54},"5":{"name":"(anonymous_5)","decl":{"start":{"line":61,"column":4},"end":{"line":61,"column":5}},"loc":{"start":{"line":61,"column":19},"end":{"line":63,"column":5}},"line":61},"6":{"name":"(anonymous_6)","decl":{"start":{"line":68,"column":4},"end":{"line":68,"column":5}},"loc":{"start":{"line":68,"column":20},"end":{"line":76,"column":5}},"line":68}},"branchMap":{"0":{"loc":{"start":{"line":19,"column":27},"end":{"line":19,"column":39}},"type":"default-arg","locations":[{"start":{"line":19,"column":35},"end":{"line":19,"column":39}}],"line":19},"1":{"loc":{"start":{"line":19,"column":41},"end":{"line":19,"column":54}},"type":"default-arg","locations":[{"start":{"line":19,"column":48},"end":{"line":19,"column":54}}],"line":19},"2":{"loc":{"start":{"line":21,"column":19},"end":{"line":21,"column":40}},"type":"binary-expr","locations":[{"start":{"line":21,"column":19},"end":{"line":21,"column":24}},{"start":{"line":21,"column":28},"end":{"line":21,"column":40}}],"line":21},"3":{"loc":{"start":{"line":33,"column":16},"end":{"line":35,"column":17}},"type":"if","locations":[{"start":{"line":33,"column":16},"end":{"line":35,"column":17}},{"start":{},"end":{}}],"line":33}},"s":{"0":0,"1":0,"2":0,"3":0,"4":0,"5":0,"6":0,"7":0,"8":0,"9":0,"10":0,"11":0,"12":0,"13":0,"14":0,"15":0,"16":0,"17":0},"f":{"0":0,"1":0,"2":0,"3":0,"4":0,"5":0,"6":0},"b":{"0":[0],"1":[0],"2":[0,0],"3":[0,0]}}
,"C:\\Users\\Usman Mustafa\\OneDrive\\Desktop\\Echo\\scripts\\plugin-generator.js": {"path":"C:\\Users\\Usman Mustafa\\OneDrive\\Desktop\\Echo\\scripts\\plugin-generator.js","statementMap":{"0":{"start":{"line":1,"column":17},"end":{"line":1,"column":36}},"1":{"start":{"line":2,"column":14},"end":{"line":2,"column":30}},"2":{"start":{"line":3,"column":11},"end":{"line":3,"column":24}},"3":{"start":{"line":4,"column":13},"end":{"line":4,"column":28}},"4":{"start":{"line":7,"column":4},"end":{"line":7,"column":66}},"5":{"start":{"line":8,"column":4},"end":{"line":8,"column":72}},"6":{"start":{"line":10,"column":20},"end":{"line":58,"column":6}},"7":{"start":{"line":16,"column":16},"end":{"line":18,"column":17}},"8":{"start":{"line":17,"column":20},"end":{"line":17,"column":106}},"9":{"start":{"line":19,"column":16},"end":{"line":19,"column":28}},"10":{"start":{"line":38,"column":27},"end":{"line":38,"column":87}},"11":{"start":{"line":46,"column":16},"end":{"line":48,"column":17}},"12":{"start":{"line":47,"column":20},"end":{"line":47,"column":76}},"13":{"start":{"line":49,"column":16},"end":{"line":49,"column":28}},"14":{"start":{"line":60,"column":27},"end":{"line":103,"column":1}},"15":{"start":{"line":105,"column":23},"end":{"line":105,"column":60}},"16":{"start":{"line":106,"column":21},"end":{"line":106,"column":41}},"17":{"start":{"line":107,"column":21},"end":{"line":107,"column":52}},"18":{"start":{"line":109,"column":4},"end":{"line":122,"column":5}},"19":{"start":{"line":110,"column":30},"end":{"line":117,"column":10}},"20":{"start":{"line":118,"column":8},"end":{"line":121,"column":9}},"21":{"start":{"line":119,"column":12},"end":{"line":119,"column":51}},"22":{"start":{"line":120,"column":12},"end":{"line":120,"column":19}},"23":{"start":{"line":124,"column":4},"end":{"line":124,"column":47}},"24":{"start":{"line":126,"column":4},"end":{"line":126,"column":86}},"25":{"start":{"line":127,"column":4},"end":{"line":127,"column":47}},"26":{"start":{"line":129,"column":23},"end":{"line":136,"column":6}},"27":{"start":{"line":138,"column":4},"end":{"line":147,"column":5}},"28":{"start":{"line":139,"column":30},"end":{"line":139,"column":57}},"29":{"start":{"line":140,"column":23},"end":{"line":140,"column":42}},"30":{"start":{"line":141,"column":31},"end":{"line":141,"column":58}},"31":{"start":{"line":142,"column":8},"end":{"line":146,"column":9}},"32":{"start":{"line":143,"column":12},"end":{"line":143,"column":46}},"33":{"start":{"line":144,"column":12},"end":{"line":144,"column":50}},"34":{"start":{"line":145,"column":12},"end":{"line":145,"column":83}},"35":{"start":{"line":149,"column":4},"end":{"line":149,"column":70}},"36":{"start":{"line":152,"column":0},"end":{"line":152,"column":25}}},"fnMap":{"0":{"name":"run","decl":{"start":{"line":6,"column":15},"end":{"line":6,"column":18}},"loc":{"start":{"line":6,"column":21},"end":{"line":150,"column":1}},"line":6},"1":{"name":"(anonymous_1)","decl":{"start":{"line":15,"column":22},"end":{"line":15,"column":23}},"loc":{"start":{"line":15,"column":33},"end":{"line":20,"column":13}},"line":15},"2":{"name":"(anonymous_2)","decl":{"start":{"line":38,"column":21},"end":{"line":38,"column":22}},"loc":{"start":{"line":38,"column":27},"end":{"line":38,"column":87}},"line":38},"3":{"name":"(anonymous_3)","decl":{"start":{"line":45,"column":22},"end":{"line":45,"column":23}},"loc":{"start":{"line":45,"column":33},"end":{"line":50,"column":13}},"line":45}},"branchMap":{"0":{"loc":{"start":{"line":16,"column":16},"end":{"line":18,"column":17}},"type":"if","locations":[{"start":{"line":16,"column":16},"end":{"line":18,"column":17}},{"start":{},"end":{}}],"line":16},"1":{"loc":{"start":{"line":38,"column":27},"end":{"line":38,"column":87}},"type":"binary-expr","locations":[{"start":{"line":38,"column":27},"end":{"line":38,"column":47}},{"start":{"line":38,"column":51},"end":{"line":38,"column":67}},{"start":{"line":38,"column":71},"end":{"line":38,"column":87}}],"line":38},"2":{"loc":{"start":{"line":46,"column":16},"end":{"line":48,"column":17}},"type":"if","locations":[{"start":{"line":46,"column":16},"end":{"line":48,"column":17}},{"start":{},"end":{}}],"line":46},"3":{"loc":{"start":{"line":109,"column":4},"end":{"line":122,"column":5}},"type":"if","locations":[{"start":{"line":109,"column":4},"end":{"line":122,"column":5}},{"start":{},"end":{}}],"line":109},"4":{"loc":{"start":{"line":118,"column":8},"end":{"line":121,"column":9}},"type":"if","locations":[{"start":{"line":118,"column":8},"end":{"line":121,"column":9}},{"start":{},"end":{}}],"line":118},"5":{"loc":{"start":{"line":138,"column":4},"end":{"line":147,"column":5}},"type":"if","locations":[{"start":{"line":138,"column":4},"end":{"line":147,"column":5}},{"start":{},"end":{}}],"line":138},"6":{"loc":{"start":{"line":141,"column":31},"end":{"line":141,"column":58}},"type":"binary-expr","locations":[{"start":{"line":141,"column":31},"end":{"line":141,"column":52}},{"start":{"line":141,"column":56},"end":{"line":141,"column":58}}],"line":141},"7":{"loc":{"start":{"line":142,"column":8},"end":{"line":146,"column":9}},"type":"if","locations":[{"start":{"line":142,"column":8},"end":{"line":146,"column":9}},{"start":{},"end":{}}],"line":142}},"s":{"0":0,"1":0,"2":0,"3":0,"4":0,"5":0,"6":0,"7":0,"8":0,"9":0,"10":0,"11":0,"12":0,"13":0,"14":0,"15":0,"16":0,"17":0,"18":0,"19":0,"20":0,"21":0,"22":0,"23":0,"24":0,"25":0,"26":0,"27":0,"28":0,"29":0,"30":0,"31":0,"32":0,"33":0,"34":0,"35":0,"36":0},"f":{"0":0,"1":0,"2":0,"3":0},"b":{"0":[0,0],"1":[0,0,0],"2":[0,0],"3":[0,0],"4":[0,0],"5":[0,0],"6":[0,0],"7":[0,0]}}
,"C:\\Users\\Usman Mustafa\\OneDrive\\Desktop\\Echo\\scripts\\plugin-manager.js": {"path":"C:\\Users\\Usman Mustafa\\OneDrive\\Desktop\\Echo\\scripts\\plugin-manager.js","statementMap":{"0":{"start":{"line":1,"column":11},"end":{"line":1,"column":24}},"1":{"start":{"line":2,"column":13},"end":{"line":2,"column":28}},"2":{"start":{"line":3,"column":22},"end":{"line":3,"column":49}},"3":{"start":{"line":7,"column":8},"end":{"line":7,"column":42}},"4":{"start":{"line":8,"column":8},"end":{"line":8,"column":33}},"5":{"start":{"line":9,"column":8},"end":{"line":9,"column":63}},"6":{"start":{"line":12,"column":8},"end":{"line":14,"column":9}},"7":{"start":{"line":13,"column":12},"end":{"line":13,"column":62}},"8":{"start":{"line":21,"column":31},"end":{"line":21,"column":63}},"9":{"start":{"line":23,"column":8},"end":{"line":36,"column":9}},"10":{"start":{"line":24,"column":26},"end":{"line":24,"column":56}},"11":{"start":{"line":26,"column":12},"end":{"line":31,"column":13}},"12":{"start":{"line":27,"column":16},"end":{"line":30,"column":17}},"13":{"start":{"line":28,"column":39},"end":{"line":28,"column":70}},"14":{"start":{"line":29,"column":20},"end":{"line":29,"column":54}},"15":{"start":{"line":33,"column":12},"end":{"line":33,"column":65}},"16":{"start":{"line":35,"column":12},"end":{"line":35,"column":59}},"17":{"start":{"line":43,"column":8},"end":{"line":67,"column":9}},"18":{"start":{"line":44,"column":27},"end":{"line":44,"column":46}},"19":{"start":{"line":47,"column":12},"end":{"line":49,"column":13}},"20":{"start":{"line":48,"column":16},"end":{"line":48,"column":90}},"21":{"start":{"line":52,"column":35},"end":{"line":52,"column":67}},"22":{"start":{"line":53,"column":12},"end":{"line":56,"column":13}},"23":{"start":{"line":54,"column":16},"end":{"line":54,"column":78}},"24":{"start":{"line":55,"column":16},"end":{"line":55,"column":23}},"25":{"start":{"line":58,"column":12},"end":{"line":58,"column":50}},"26":{"start":{"line":59,"column":12},"end":{"line":59,"column":87}},"27":{"start":{"line":62,"column":12},"end":{"line":64,"column":13}},"28":{"start":{"line":63,"column":16},"end":{"line":63,"column":36}},"29":{"start":{"line":66,"column":12},"end":{"line":66,"column":72}},"30":{"start":{"line":74,"column":8},"end":{"line":87,"column":9}},"31":{"start":{"line":75,"column":12},"end":{"line":86,"column":13}},"32":{"start":{"line":76,"column":16},"end":{"line":85,"column":17}},"33":{"start":{"line":77,"column":35},"end":{"line":77,"column":75}},"34":{"start":{"line":78,"column":20},"end":{"line":78,"column":73}},"35":{"start":{"line":80,"column":20},"end":{"line":84,"column":22}},"36":{"start":{"line":89,"column":8},"end":{"line":89,"column":76}},"37":{"start":{"line":96,"column":25},"end":{"line":96,"column":27}},"38":{"start":{"line":98,"column":8},"end":{"line":106,"column":9}},"39":{"start":{"line":99,"column":12},"end":{"line":105,"column":13}},"40":{"start":{"line":100,"column":16},"end":{"line":104,"column":19}},"41":{"start":{"line":108,"column":8},"end":{"line":108,"column":24}},"42":{"start":{"line":115,"column":31},"end":{"line":115,"column":63}},"43":{"start":{"line":116,"column":8},"end":{"line":120,"column":9}},"44":{"start":{"line":117,"column":12},"end":{"line":117,"column":44}},"45":{"start":{"line":118,"column":12},"end":{"line":118,"column":55}},"46":{"start":{"line":119,"column":12},"end":{"line":119,"column":24}},"47":{"start":{"line":121,"column":8},"end":{"line":121,"column":21}},"48":{"start":{"line":128,"column":31},"end":{"line":128,"column":63}},"49":{"start":{"line":129,"column":22},"end":{"line":129,"column":56}},"50":{"start":{"line":130,"column":8},"end":{"line":135,"column":9}},"51":{"start":{"line":131,"column":12},"end":{"line":131,"column":44}},"52":{"start":{"line":132,"column":12},"end":{"line":132,"column":55}},"53":{"start":{"line":133,"column":12},"end":{"line":133,"column":44}},"54":{"start":{"line":134,"column":12},"end":{"line":134,"column":24}},"55":{"start":{"line":136,"column":8},"end":{"line":136,"column":21}},"56":{"start":{"line":143,"column":24},"end":{"line":143,"column":26}},"57":{"start":{"line":144,"column":31},"end":{"line":144,"column":63}},"58":{"start":{"line":146,"column":8},"end":{"line":174,"column":9}},"59":{"start":{"line":147,"column":26},"end":{"line":147,"column":56}},"60":{"start":{"line":149,"column":12},"end":{"line":171,"column":13}},"61":{"start":{"line":150,"column":16},"end":{"line":170,"column":17}},"62":{"start":{"line":151,"column":39},"end":{"line":151,"column":70}},"63":{"start":{"line":152,"column":20},"end":{"line":169,"column":21}},"64":{"start":{"line":154,"column":24},"end":{"line":154,"column":74}},"65":{"start":{"line":155,"column":39},"end":{"line":155,"column":58}},"66":{"start":{"line":157,"column":24},"end":{"line":166,"column":25}},"67":{"start":{"line":158,"column":28},"end":{"line":165,"column":31}},"68":{"start":{"line":173,"column":12},"end":{"line":173,"column":59}},"69":{"start":{"line":176,"column":8},"end":{"line":176,"column":23}},"70":{"start":{"line":180,"column":0},"end":{"line":180,"column":31}}},"fnMap":{"0":{"name":"(anonymous_0)","decl":{"start":{"line":6,"column":4},"end":{"line":6,"column":5}},"loc":{"start":{"line":6,"column":18},"end":{"line":15,"column":5}},"line":6},"1":{"name":"(anonymous_1)","decl":{"start":{"line":20,"column":4},"end":{"line":20,"column":5}},"loc":{"start":{"line":20,"column":24},"end":{"line":37,"column":5}},"line":20},"2":{"name":"(anonymous_2)","decl":{"start":{"line":42,"column":4},"end":{"line":42,"column":5}},"loc":{"start":{"line":42,"column":33},"end":{"line":68,"column":5}},"line":42},"3":{"name":"(anonymous_3)","decl":{"start":{"line":73,"column":4},"end":{"line":73,"column":5}},"loc":{"start":{"line":73,"column":44},"end":{"line":90,"column":5}},"line":73},"4":{"name":"(anonymous_4)","decl":{"start":{"line":95,"column":4},"end":{"line":95,"column":5}},"loc":{"start":{"line":95,"column":27},"end":{"line":109,"column":5}},"line":95},"5":{"name":"(anonymous_5)","decl":{"start":{"line":114,"column":4},"end":{"line":114,"column":5}},"loc":{"start":{"line":114,"column":29},"end":{"line":122,"column":5}},"line":114},"6":{"name":"(anonymous_6)","decl":{"start":{"line":127,"column":4},"end":{"line":127,"column":5}},"loc":{"start":{"line":127,"column":30},"end":{"line":137,"column":5}},"line":127},"7":{"name":"(anonymous_7)","decl":{"start":{"line":142,"column":4},"end":{"line":142,"column":5}},"loc":{"start":{"line":142,"column":18},"end":{"line":177,"column":5}},"line":142}},"branchMap":{"0":{"loc":{"start":{"line":12,"column":8},"end":{"line":14,"column":9}},"type":"if","locations":[{"start":{"line":12,"column":8},"end":{"line":14,"column":9}},{"start":{},"end":{}}],"line":12},"1":{"loc":{"start":{"line":21,"column":31},"end":{"line":21,"column":63}},"type":"binary-expr","locations":[{"start":{"line":21,"column":31},"end":{"line":21,"column":57}},{"start":{"line":21,"column":61},"end":{"line":21,"column":63}}],"line":21},"2":{"loc":{"start":{"line":27,"column":16},"end":{"line":30,"column":17}},"type":"if","locations":[{"start":{"line":27,"column":16},"end":{"line":30,"column":17}},{"start":{},"end":{}}],"line":27},"3":{"loc":{"start":{"line":47,"column":12},"end":{"line":49,"column":13}},"type":"if","locations":[{"start":{"line":47,"column":12},"end":{"line":49,"column":13}},{"start":{},"end":{}}],"line":47},"4":{"loc":{"start":{"line":47,"column":16},"end":{"line":47,"column":48}},"type":"binary-expr","locations":[{"start":{"line":47,"column":16},"end":{"line":47,"column":28}},{"start":{"line":47,"column":32},"end":{"line":47,"column":48}}],"line":47},"5":{"loc":{"start":{"line":52,"column":35},"end":{"line":52,"column":67}},"type":"binary-expr","locations":[{"start":{"line":52,"column":35},"end":{"line":52,"column":61}},{"start":{"line":52,"column":65},"end":{"line":52,"column":67}}],"line":52},"6":{"loc":{"start":{"line":53,"column":12},"end":{"line":56,"column":13}},"type":"if","locations":[{"start":{"line":53,"column":12},"end":{"line":56,"column":13}},{"start":{},"end":{}}],"line":53},"7":{"loc":{"start":{"line":59,"column":58},"end":{"line":59,"column":83}},"type":"binary-expr","locations":[{"start":{"line":59,"column":58},"end":{"line":59,"column":72}},{"start":{"line":59,"column":76},"end":{"line":59,"column":83}}],"line":59},"8":{"loc":{"start":{"line":62,"column":12},"end":{"line":64,"column":13}},"type":"if","locations":[{"start":{"line":62,"column":12},"end":{"line":64,"column":13}},{"start":{},"end":{}}],"line":62},"9":{"loc":{"start":{"line":62,"column":16},"end":{"line":62,"column":64}},"type":"binary-expr","locations":[{"start":{"line":62,"column":16},"end":{"line":62,"column":27}},{"start":{"line":62,"column":31},"end":{"line":62,"column":64}}],"line":62},"10":{"loc":{"start":{"line":75,"column":12},"end":{"line":86,"column":13}},"type":"if","locations":[{"start":{"line":75,"column":12},"end":{"line":86,"column":13}},{"start":{},"end":{}}],"line":75},"11":{"loc":{"start":{"line":103,"column":33},"end":{"line":103,"column":94}},"type":"binary-expr","locations":[{"start":{"line":103,"column":33},"end":{"line":103,"column":74}},{"start":{"line":103,"column":78},"end":{"line":103,"column":94}}],"line":103},"12":{"loc":{"start":{"line":115,"column":31},"end":{"line":115,"column":63}},"type":"binary-expr","locations":[{"start":{"line":115,"column":31},"end":{"line":115,"column":57}},{"start":{"line":115,"column":61},"end":{"line":115,"column":63}}],"line":115},"13":{"loc":{"start":{"line":116,"column":8},"end":{"line":120,"column":9}},"type":"if","locations":[{"start":{"line":116,"column":8},"end":{"line":120,"column":9}},{"start":{},"end":{}}],"line":116},"14":{"loc":{"start":{"line":128,"column":31},"end":{"line":128,"column":63}},"type":"binary-expr","locations":[{"start":{"line":128,"column":31},"end":{"line":128,"column":57}},{"start":{"line":128,"column":61},"end":{"line":128,"column":63}}],"line":128},"15":{"loc":{"start":{"line":130,"column":8},"end":{"line":135,"column":9}},"type":"if","locations":[{"start":{"line":130,"column":8},"end":{"line":135,"column":9}},{"start":{},"end":{}}],"line":130},"16":{"loc":{"start":{"line":144,"column":31},"end":{"line":144,"column":63}},"type":"binary-expr","locations":[{"start":{"line":144,"column":31},"end":{"line":144,"column":57}},{"start":{"line":144,"column":61},"end":{"line":144,"column":63}}],"line":144},"17":{"loc":{"start":{"line":150,"column":16},"end":{"line":170,"column":17}},"type":"if","locations":[{"start":{"line":150,"column":16},"end":{"line":170,"column":17}},{"start":{},"end":{}}],"line":150},"18":{"loc":{"start":{"line":157,"column":24},"end":{"line":166,"column":25}},"type":"if","locations":[{"start":{"line":157,"column":24},"end":{"line":166,"column":25}},{"start":{},"end":{}}],"line":157},"19":{"loc":{"start":{"line":157,"column":28},"end":{"line":157,"column":58}},"type":"binary-expr","locations":[{"start":{"line":157,"column":28},"end":{"line":157,"column":39}},{"start":{"line":157,"column":43},"end":{"line":157,"column":58}}],"line":157},"20":{"loc":{"start":{"line":160,"column":41},"end":{"line":160,"column":66}},"type":"binary-expr","locations":[{"start":{"line":160,"column":41},"end":{"line":160,"column":55}},{"start":{"line":160,"column":59},"end":{"line":160,"column":66}}],"line":160},"21":{"loc":{"start":{"line":161,"column":45},"end":{"line":161,"column":83}},"type":"binary-expr","locations":[{"start":{"line":161,"column":45},"end":{"line":161,"column":63}},{"start":{"line":161,"column":67},"end":{"line":161,"column":83}}],"line":161}},"s":{"0":0,"1":0,"2":0,"3":0,"4":0,"5":0,"6":0,"7":0,"8":0,"9":0,"10":0,"11":0,"12":0,"13":0,"14":0,"15":0,"16":0,"17":0,"18":0,"19":0,"20":0,"21":0,"22":0,"23":0,"24":0,"25":0,"26":0,"27":0,"28":0,"29":0,"30":0,"31":0,"32":0,"33":0,"34":0,"35":0,"36":0,"37":0,"38":0,"39":0,"40":0,"41":0,"42":0,"43":0,"44":0,"45":0,"46":0,"47":0,"48":0,"49":0,"50":0,"51":0,"52":0,"53":0,"54":0,"55":0,"56":0,"57":0,"58":0,"59":0,"60":0,"61":0,"62":0,"63":0,"64":0,"65":0,"66":0,"67":0,"68":0,"69":0,"70":0},"f":{"0":0,"1":0,"2":0,"3":0,"4":0,"5":0,"6":0,"7":0},"b":{"0":[0,0],"1":[0,0],"2":[0,0],"3":[0,0],"4":[0,0],"5":[0,0],"6":[0,0],"7":[0,0],"8":[0,0],"9":[0,0],"10":[0,0],"11":[0,0],"12":[0,0],"13":[0,0],"14":[0,0],"15":[0,0],"16":[0,0],"17":[0,0],"18":[0,0],"19":[0,0],"20":[0,0],"21":[0,0]}}
,"C:\\Users\\Usman Mustafa\\OneDrive\\Desktop\\Echo\\scripts\\postinstall.js": {"path":"C:\\Users\\Usman Mustafa\\OneDrive\\Desktop\\Echo\\scripts\\postinstall.js","statementMap":{"0":{"start":{"line":1,"column":14},"end":{"line":1,"column":30}},"1":{"start":{"line":3,"column":20},"end":{"line":3,"column":48}},"2":{"start":{"line":6,"column":4},"end":{"line":6,"column":22}},"3":{"start":{"line":7,"column":4},"end":{"line":7,"column":27}},"4":{"start":{"line":8,"column":4},"end":{"line":8,"column":91}},"5":{"start":{"line":9,"column":4},"end":{"line":9,"column":22}},"6":{"start":{"line":11,"column":4},"end":{"line":11,"column":66}},"7":{"start":{"line":12,"column":4},"end":{"line":12,"column":78}},"8":{"start":{"line":14,"column":4},"end":{"line":14,"column":67}},"9":{"start":{"line":15,"column":4},"end":{"line":15,"column":98}},"10":{"start":{"line":16,"column":4},"end":{"line":16,"column":77}},"11":{"start":{"line":18,"column":4},"end":{"line":18,"column":57}},"12":{"start":{"line":19,"column":4},"end":{"line":19,"column":60}},"13":{"start":{"line":21,"column":4},"end":{"line":21,"column":85}},"14":{"start":{"line":24,"column":0},"end":{"line":26,"column":1}},"15":{"start":{"line":25,"column":4},"end":{"line":25,"column":18}},"16":{"start":{"line":28,"column":0},"end":{"line":28,"column":29}}},"fnMap":{"0":{"name":"postInstall","decl":{"start":{"line":5,"column":9},"end":{"line":5,"column":20}},"loc":{"start":{"line":5,"column":23},"end":{"line":22,"column":1}},"line":5}},"branchMap":{"0":{"loc":{"start":{"line":24,"column":0},"end":{"line":26,"column":1}},"type":"if","locations":[{"start":{"line":24,"column":0},"end":{"line":26,"column":1}},{"start":{},"end":{}}],"line":24}},"s":{"0":0,"1":0,"2":0,"3":0,"4":0,"5":0,"6":0,"7":0,"8":0,"9":0,"10":0,"11":0,"12":0,"13":0,"14":0,"15":0,"16":0},"f":{"0":0},"b":{"0":[0,0]}}
,"C:\\Users\\Usman Mustafa\\OneDrive\\Desktop\\Echo\\scripts\\prepublish.js": {"path":"C:\\Users\\Usman Mustafa\\OneDrive\\Desktop\\Echo\\scripts\\prepublish.js","statementMap":{"0":{"start":{"line":1,"column":21},"end":{"line":1,"column":45}},"1":{"start":{"line":2,"column":14},"end":{"line":2,"column":30}},"2":{"start":{"line":3,"column":11},"end":{"line":3,"column":24}},"3":{"start":{"line":4,"column":13},"end":{"line":4,"column":28}},"4":{"start":{"line":6,"column":20},"end":{"line":6,"column":46}},"5":{"start":{"line":8,"column":0},"end":{"line":8,"column":96}},"6":{"start":{"line":10,"column":0},"end":{"line":84,"column":1}},"7":{"start":{"line":12,"column":4},"end":{"line":12,"column":78}},"8":{"start":{"line":13,"column":21},"end":{"line":13,"column":60}},"9":{"start":{"line":14,"column":4},"end":{"line":30,"column":5}},"10":{"start":{"line":15,"column":8},"end":{"line":27,"column":9}},"11":{"start":{"line":17,"column":12},"end":{"line":20,"column":13}},"12":{"start":{"line":18,"column":16},"end":{"line":18,"column":78}},"13":{"start":{"line":19,"column":16},"end":{"line":19,"column":74}},"14":{"start":{"line":21,"column":12},"end":{"line":21,"column":72}},"15":{"start":{"line":22,"column":12},"end":{"line":22,"column":80}},"16":{"start":{"line":24,"column":12},"end":{"line":24,"column":121}},"17":{"start":{"line":25,"column":12},"end":{"line":25,"column":49}},"18":{"start":{"line":26,"column":12},"end":{"line":26,"column":28}},"19":{"start":{"line":29,"column":8},"end":{"line":29,"column":99}},"20":{"start":{"line":33,"column":4},"end":{"line":33,"column":65}},"21":{"start":{"line":34,"column":4},"end":{"line":42,"column":5}},"22":{"start":{"line":35,"column":8},"end":{"line":35,"column":110}},"23":{"start":{"line":36,"column":8},"end":{"line":36,"column":58}},"24":{"start":{"line":37,"column":26},"end":{"line":37,"column":91}},"25":{"start":{"line":38,"column":8},"end":{"line":41,"column":9}},"26":{"start":{"line":39,"column":12},"end":{"line":39,"column":124}},"27":{"start":{"line":40,"column":12},"end":{"line":40,"column":28}},"28":{"start":{"line":43,"column":4},"end":{"line":43,"column":57}},"29":{"start":{"line":46,"column":4},"end":{"line":46,"column":52}},"30":{"start":{"line":48,"column":4},"end":{"line":48,"column":60}},"31":{"start":{"line":51,"column":4},"end":{"line":51,"column":60}},"32":{"start":{"line":52,"column":4},"end":{"line":55,"column":5}},"33":{"start":{"line":53,"column":8},"end":{"line":53,"column":86}},"34":{"start":{"line":54,"column":8},"end":{"line":54,"column":24}},"35":{"start":{"line":56,"column":4},"end":{"line":56,"column":53}},"36":{"start":{"line":59,"column":4},"end":{"line":59,"column":56}},"37":{"start":{"line":60,"column":20},"end":{"line":60,"column":40}},"38":{"start":{"line":61,"column":4},"end":{"line":64,"column":5}},"39":{"start":{"line":62,"column":8},"end":{"line":62,"column":76}},"40":{"start":{"line":63,"column":8},"end":{"line":63,"column":24}},"41":{"start":{"line":67,"column":4},"end":{"line":74,"column":5}},"42":{"start":{"line":68,"column":8},"end":{"line":71,"column":9}},"43":{"start":{"line":69,"column":12},"end":{"line":69,"column":72}},"44":{"start":{"line":70,"column":12},"end":{"line":70,"column":74}},"45":{"start":{"line":73,"column":8},"end":{"line":73,"column":98}},"46":{"start":{"line":76,"column":4},"end":{"line":76,"column":69}},"47":{"start":{"line":77,"column":4},"end":{"line":77,"column":51}},"48":{"start":{"line":78,"column":4},"end":{"line":78,"column":41}},"49":{"start":{"line":79,"column":4},"end":{"line":79,"column":59}},"50":{"start":{"line":82,"column":4},"end":{"line":82,"column":77}},"51":{"start":{"line":83,"column":4},"end":{"line":83,"column":20}}},"fnMap":{},"branchMap":{"0":{"loc":{"start":{"line":14,"column":4},"end":{"line":30,"column":5}},"type":"if","locations":[{"start":{"line":14,"column":4},"end":{"line":30,"column":5}},{"start":{"line":28,"column":11},"end":{"line":30,"column":5}}],"line":14},"1":{"loc":{"start":{"line":17,"column":12},"end":{"line":20,"column":13}},"type":"if","locations":[{"start":{"line":17,"column":12},"end":{"line":20,"column":13}},{"start":{},"end":{}}],"line":17},"2":{"loc":{"start":{"line":34,"column":4},"end":{"line":42,"column":5}},"type":"if","locations":[{"start":{"line":34,"column":4},"end":{"line":42,"column":5}},{"start":{},"end":{}}],"line":34},"3":{"loc":{"start":{"line":38,"column":8},"end":{"line":41,"column":9}},"type":"if","locations":[{"start":{"line":38,"column":8},"end":{"line":41,"column":9}},{"start":{},"end":{}}],"line":38},"4":{"loc":{"start":{"line":52,"column":4},"end":{"line":55,"column":5}},"type":"if","locations":[{"start":{"line":52,"column":4},"end":{"line":55,"column":5}},{"start":{},"end":{}}],"line":52},"5":{"loc":{"start":{"line":61,"column":4},"end":{"line":64,"column":5}},"type":"if","locations":[{"start":{"line":61,"column":4},"end":{"line":64,"column":5}},{"start":{},"end":{}}],"line":61},"6":{"loc":{"start":{"line":68,"column":8},"end":{"line":71,"column":9}},"type":"if","locations":[{"start":{"line":68,"column":8},"end":{"line":71,"column":9}},{"start":{},"end":{}}],"line":68}},"s":{"0":0,"1":0,"2":0,"3":0,"4":0,"5":0,"6":0,"7":0,"8":0,"9":0,"10":0,"11":0,"12":0,"13":0,"14":0,"15":0,"16":0,"17":0,"18":0,"19":0,"20":0,"21":0,"22":0,"23":0,"24":0,"25":0,"26":0,"27":0,"28":0,"29":0,"30":0,"31":0,"32":0,"33":0,"34":0,"35":0,"36":0,"37":0,"38":0,"39":0,"40":0,"41":0,"42":0,"43":0,"44":0,"45":0,"46":0,"47":0,"48":0,"49":0,"50":0,"51":0},"f":{},"b":{"0":[0,0],"1":[0,0],"2":[0,0],"3":[0,0],"4":[0,0],"5":[0,0],"6":[0,0]}}
,"C:\\Users\\Usman Mustafa\\OneDrive\\Desktop\\Echo\\scripts\\scheduler-cli.js": {"path":"C:\\Users\\Usman Mustafa\\OneDrive\\Desktop\\Echo\\scripts\\scheduler-cli.js","statementMap":{"0":{"start":{"line":1,"column":17},"end":{"line":1,"column":36}},"1":{"start":{"line":2,"column":14},"end":{"line":2,"column":30}},"2":{"start":{"line":3,"column":18},"end":{"line":3,"column":40}},"3":{"start":{"line":5,"column":18},"end":{"line":5,"column":33}},"4":{"start":{"line":8,"column":4},"end":{"line":8,"column":69}},"5":{"start":{"line":10,"column":23},"end":{"line":26,"column":6}},"6":{"start":{"line":28,"column":4},"end":{"line":28,"column":34}},"7":{"start":{"line":28,"column":27},"end":{"line":28,"column":34}},"8":{"start":{"line":30,"column":4},"end":{"line":52,"column":5}},"9":{"start":{"line":32,"column":12},"end":{"line":32,"column":30}},"10":{"start":{"line":33,"column":12},"end":{"line":33,"column":18}},"11":{"start":{"line":35,"column":12},"end":{"line":35,"column":35}},"12":{"start":{"line":36,"column":12},"end":{"line":36,"column":18}},"13":{"start":{"line":38,"column":12},"end":{"line":38,"column":37}},"14":{"start":{"line":39,"column":12},"end":{"line":39,"column":18}},"15":{"start":{"line":41,"column":12},"end":{"line":41,"column":36}},"16":{"start":{"line":42,"column":12},"end":{"line":42,"column":18}},"17":{"start":{"line":44,"column":12},"end":{"line":44,"column":29}},"18":{"start":{"line":45,"column":12},"end":{"line":45,"column":18}},"19":{"start":{"line":47,"column":12},"end":{"line":47,"column":31}},"20":{"start":{"line":48,"column":12},"end":{"line":48,"column":18}},"21":{"start":{"line":50,"column":12},"end":{"line":50,"column":31}},"22":{"start":{"line":51,"column":12},"end":{"line":51,"column":18}},"23":{"start":{"line":55,"column":4},"end":{"line":55,"column":16}},"24":{"start":{"line":59,"column":18},"end":{"line":59,"column":38}},"25":{"start":{"line":61,"column":4},"end":{"line":64,"column":5}},"26":{"start":{"line":62,"column":8},"end":{"line":62,"column":65}},"27":{"start":{"line":63,"column":8},"end":{"line":63,"column":15}},"28":{"start":{"line":66,"column":4},"end":{"line":66,"column":55}},"29":{"start":{"line":68,"column":4},"end":{"line":79,"column":7}},"30":{"start":{"line":69,"column":23},"end":{"line":69,"column":88}},"31":{"start":{"line":70,"column":24},"end":{"line":70,"column":86}},"32":{"start":{"line":71,"column":26},"end":{"line":71,"column":76}},"33":{"start":{"line":73,"column":8},"end":{"line":73,"column":74}},"34":{"start":{"line":74,"column":8},"end":{"line":74,"column":46}},"35":{"start":{"line":75,"column":8},"end":{"line":75,"column":54}},"36":{"start":{"line":76,"column":8},"end":{"line":76,"column":48}},"37":{"start":{"line":77,"column":8},"end":{"line":77,"column":50}},"38":{"start":{"line":78,"column":8},"end":{"line":78,"column":56}},"39":{"start":{"line":83,"column":4},"end":{"line":83,"column":57}},"40":{"start":{"line":85,"column":20},"end":{"line":109,"column":6}},"41":{"start":{"line":90,"column":31},"end":{"line":90,"column":71}},"42":{"start":{"line":96,"column":31},"end":{"line":96,"column":74}},"43":{"start":{"line":111,"column":30},"end":{"line":111,"column":35}},"44":{"start":{"line":113,"column":4},"end":{"line":144,"column":5}},"45":{"start":{"line":114,"column":30},"end":{"line":121,"column":10}},"46":{"start":{"line":119,"column":35},"end":{"line":119,"column":75}},"47":{"start":{"line":123,"column":23},"end":{"line":123,"column":60}},"48":{"start":{"line":124,"column":8},"end":{"line":124,"column":35}},"49":{"start":{"line":125,"column":8},"end":{"line":125,"column":37}},"50":{"start":{"line":127,"column":48},"end":{"line":140,"column":10}},"51":{"start":{"line":132,"column":35},"end":{"line":132,"column":79}},"52":{"start":{"line":142,"column":8},"end":{"line":142,"column":34}},"53":{"start":{"line":143,"column":8},"end":{"line":143,"column":32}},"54":{"start":{"line":146,"column":17},"end":{"line":152,"column":6}},"55":{"start":{"line":154,"column":4},"end":{"line":154,"column":67}},"56":{"start":{"line":155,"column":4},"end":{"line":155,"column":88}},"57":{"start":{"line":159,"column":26},"end":{"line":159,"column":53}},"58":{"start":{"line":160,"column":19},"end":{"line":160,"column":38}},"59":{"start":{"line":161,"column":22},"end":{"line":161,"column":51}},"60":{"start":{"line":162,"column":26},"end":{"line":162,"column":48}},"61":{"start":{"line":164,"column":4},"end":{"line":167,"column":5}},"62":{"start":{"line":165,"column":8},"end":{"line":165,"column":109}},"63":{"start":{"line":166,"column":8},"end":{"line":166,"column":15}},"64":{"start":{"line":169,"column":20},"end":{"line":188,"column":6}},"65":{"start":{"line":180,"column":34},"end":{"line":180,"column":68}},"66":{"start":{"line":186,"column":31},"end":{"line":186,"column":75}},"67":{"start":{"line":190,"column":19},"end":{"line":190,"column":63}},"68":{"start":{"line":192,"column":17},"end":{"line":198,"column":6}},"69":{"start":{"line":200,"column":4},"end":{"line":200,"column":69}},"70":{"start":{"line":201,"column":4},"end":{"line":201,"column":88}},"71":{"start":{"line":205,"column":20},"end":{"line":224,"column":6}},"72":{"start":{"line":210,"column":31},"end":{"line":210,"column":71}},"73":{"start":{"line":216,"column":31},"end":{"line":216,"column":74}},"74":{"start":{"line":222,"column":31},"end":{"line":222,"column":75}},"75":{"start":{"line":226,"column":19},"end":{"line":226,"column":63}},"76":{"start":{"line":228,"column":17},"end":{"line":234,"column":6}},"77":{"start":{"line":236,"column":4},"end":{"line":236,"column":68}},"78":{"start":{"line":237,"column":4},"end":{"line":237,"column":88}},"79":{"start":{"line":241,"column":18},"end":{"line":241,"column":38}},"80":{"start":{"line":243,"column":4},"end":{"line":246,"column":5}},"81":{"start":{"line":244,"column":8},"end":{"line":244,"column":59}},"82":{"start":{"line":245,"column":8},"end":{"line":245,"column":15}},"83":{"start":{"line":248,"column":23},"end":{"line":258,"column":6}},"84":{"start":{"line":253,"column":37},"end":{"line":256,"column":13}},"85":{"start":{"line":260,"column":17},"end":{"line":260,"column":42}},"86":{"start":{"line":262,"column":20},"end":{"line":275,"column":6}},"87":{"start":{"line":277,"column":4},"end":{"line":280,"column":7}},"88":{"start":{"line":282,"column":4},"end":{"line":282,"column":65}},"89":{"start":{"line":286,"column":18},"end":{"line":286,"column":38}},"90":{"start":{"line":288,"column":4},"end":{"line":291,"column":5}},"91":{"start":{"line":289,"column":8},"end":{"line":289,"column":61}},"92":{"start":{"line":290,"column":8},"end":{"line":290,"column":15}},"93":{"start":{"line":293,"column":23},"end":{"line":303,"column":6}},"94":{"start":{"line":298,"column":41},"end":{"line":301,"column":13}},"95":{"start":{"line":305,"column":4},"end":{"line":305,"column":24}},"96":{"start":{"line":305,"column":17},"end":{"line":305,"column":24}},"97":{"start":{"line":307,"column":24},"end":{"line":314,"column":6}},"98":{"start":{"line":316,"column":4},"end":{"line":319,"column":5}},"99":{"start":{"line":317,"column":8},"end":{"line":317,"column":37}},"100":{"start":{"line":318,"column":8},"end":{"line":318,"column":69}},"101":{"start":{"line":323,"column":18},"end":{"line":323,"column":38}},"102":{"start":{"line":325,"column":4},"end":{"line":328,"column":5}},"103":{"start":{"line":326,"column":8},"end":{"line":326,"column":61}},"104":{"start":{"line":327,"column":8},"end":{"line":327,"column":15}},"105":{"start":{"line":330,"column":23},"end":{"line":340,"column":6}},"106":{"start":{"line":335,"column":37},"end":{"line":338,"column":13}},"107":{"start":{"line":342,"column":20},"end":{"line":342,"column":48}},"108":{"start":{"line":343,"column":4},"end":{"line":343,"column":93}},"109":{"start":{"line":346,"column":0},"end":{"line":346,"column":25}}},"fnMap":{"0":{"name":"run","decl":{"start":{"line":7,"column":15},"end":{"line":7,"column":18}},"loc":{"start":{"line":7,"column":21},"end":{"line":56,"column":1}},"line":7},"1":{"name":"listTasks","decl":{"start":{"line":58,"column":15},"end":{"line":58,"column":24}},"loc":{"start":{"line":58,"column":27},"end":{"line":80,"column":1}},"line":58},"2":{"name":"(anonymous_2)","decl":{"start":{"line":68,"column":18},"end":{"line":68,"column":19}},"loc":{"start":{"line":68,"column":26},"end":{"line":79,"column":5}},"line":68},"3":{"name":"createReminder","decl":{"start":{"line":82,"column":15},"end":{"line":82,"column":29}},"loc":{"start":{"line":82,"column":32},"end":{"line":156,"column":1}},"line":82},"4":{"name":"(anonymous_4)","decl":{"start":{"line":90,"column":22},"end":{"line":90,"column":23}},"loc":{"start":{"line":90,"column":31},"end":{"line":90,"column":71}},"line":90},"5":{"name":"(anonymous_5)","decl":{"start":{"line":96,"column":22},"end":{"line":96,"column":23}},"loc":{"start":{"line":96,"column":31},"end":{"line":96,"column":74}},"line":96},"6":{"name":"(anonymous_6)","decl":{"start":{"line":119,"column":26},"end":{"line":119,"column":27}},"loc":{"start":{"line":119,"column":35},"end":{"line":119,"column":75}},"line":119},"7":{"name":"(anonymous_7)","decl":{"start":{"line":132,"column":26},"end":{"line":132,"column":27}},"loc":{"start":{"line":132,"column":35},"end":{"line":132,"column":79}},"line":132},"8":{"name":"scheduleWorkflow","decl":{"start":{"line":158,"column":15},"end":{"line":158,"column":31}},"loc":{"start":{"line":158,"column":34},"end":{"line":202,"column":1}},"line":158},"9":{"name":"(anonymous_9)","decl":{"start":{"line":180,"column":21},"end":{"line":180,"column":22}},"loc":{"start":{"line":180,"column":34},"end":{"line":180,"column":68}},"line":180},"10":{"name":"(anonymous_10)","decl":{"start":{"line":186,"column":22},"end":{"line":186,"column":23}},"loc":{"start":{"line":186,"column":31},"end":{"line":186,"column":75}},"line":186},"11":{"name":"scheduleCommand","decl":{"start":{"line":204,"column":15},"end":{"line":204,"column":30}},"loc":{"start":{"line":204,"column":33},"end":{"line":238,"column":1}},"line":204},"12":{"name":"(anonymous_12)","decl":{"start":{"line":210,"column":22},"end":{"line":210,"column":23}},"loc":{"start":{"line":210,"column":31},"end":{"line":210,"column":71}},"line":210},"13":{"name":"(anonymous_13)","decl":{"start":{"line":216,"column":22},"end":{"line":216,"column":23}},"loc":{"start":{"line":216,"column":31},"end":{"line":216,"column":74}},"line":216},"14":{"name":"(anonymous_14)","decl":{"start":{"line":222,"column":22},"end":{"line":222,"column":23}},"loc":{"start":{"line":222,"column":31},"end":{"line":222,"column":75}},"line":222},"15":{"name":"editTask","decl":{"start":{"line":240,"column":15},"end":{"line":240,"column":23}},"loc":{"start":{"line":240,"column":26},"end":{"line":283,"column":1}},"line":240},"16":{"name":"(anonymous_16)","decl":{"start":{"line":253,"column":31},"end":{"line":253,"column":32}},"loc":{"start":{"line":253,"column":37},"end":{"line":256,"column":13}},"line":253},"17":{"name":"deleteTask","decl":{"start":{"line":285,"column":15},"end":{"line":285,"column":25}},"loc":{"start":{"line":285,"column":28},"end":{"line":320,"column":1}},"line":285},"18":{"name":"(anonymous_18)","decl":{"start":{"line":298,"column":35},"end":{"line":298,"column":36}},"loc":{"start":{"line":298,"column":41},"end":{"line":301,"column":13}},"line":298},"19":{"name":"toggleTask","decl":{"start":{"line":322,"column":15},"end":{"line":322,"column":25}},"loc":{"start":{"line":322,"column":28},"end":{"line":344,"column":1}},"line":322},"20":{"name":"(anonymous_20)","decl":{"start":{"line":335,"column":31},"end":{"line":335,"column":32}},"loc":{"start":{"line":335,"column":37},"end":{"line":338,"column":13}},"line":335}},"branchMap":{"0":{"loc":{"start":{"line":28,"column":4},"end":{"line":28,"column":34}},"type":"if","locations":[{"start":{"line":28,"column":4},"end":{"line":28,"column":34}},{"start":{},"end":{}}],"line":28},"1":{"loc":{"start":{"line":30,"column":4},"end":{"line":52,"column":5}},"type":"switch","locations":[{"start":{"line":31,"column":8},"end":{"line":33,"column":18}},{"start":{"line":34,"column":8},"end":{"line":36,"column":18}},{"start":{"line":37,"column":8},"end":{"line":39,"column":18}},{"start":{"line":40,"column":8},"end":{"line":42,"column":18}},{"start":{"line":43,"column":8},"end":{"line":45,"column":18}},{"start":{"line":46,"column":8},"end":{"line":48,"column":18}},{"start":{"line":49,"column":8},"end":{"line":51,"column":18}}],"line":30},"2":{"loc":{"start":{"line":61,"column":4},"end":{"line":64,"column":5}},"type":"if","locations":[{"start":{"line":61,"column":4},"end":{"line":64,"column":5}},{"start":{},"end":{}}],"line":61},"3":{"loc":{"start":{"line":69,"column":23},"end":{"line":69,"column":88}},"type":"cond-expr","locations":[{"start":{"line":69,"column":38},"end":{"line":69,"column":61}},{"start":{"line":69,"column":64},"end":{"line":69,"column":88}}],"line":69},"4":{"loc":{"start":{"line":70,"column":24},"end":{"line":70,"column":86}},"type":"cond-expr","locations":[{"start":{"line":70,"column":39},"end":{"line":70,"column":78}},{"start":{"line":70,"column":81},"end":{"line":70,"column":86}}],"line":70},"5":{"loc":{"start":{"line":71,"column":26},"end":{"line":71,"column":76}},"type":"cond-expr","locations":[{"start":{"line":71,"column":43},"end":{"line":71,"column":71}},{"start":{"line":71,"column":74},"end":{"line":71,"column":76}}],"line":71},"6":{"loc":{"start":{"line":90,"column":31},"end":{"line":90,"column":71}},"type":"cond-expr","locations":[{"start":{"line":90,"column":46},"end":{"line":90,"column":50}},{"start":{"line":90,"column":53},"end":{"line":90,"column":71}}],"line":90},"7":{"loc":{"start":{"line":96,"column":31},"end":{"line":96,"column":74}},"type":"cond-expr","locations":[{"start":{"line":96,"column":46},"end":{"line":96,"column":50}},{"start":{"line":96,"column":53},"end":{"line":96,"column":74}}],"line":96},"8":{"loc":{"start":{"line":113,"column":4},"end":{"line":144,"column":5}},"type":"if","locations":[{"start":{"line":113,"column":4},"end":{"line":144,"column":5}},{"start":{"line":126,"column":11},"end":{"line":144,"column":5}}],"line":113},"9":{"loc":{"start":{"line":113,"column":8},"end":{"line":113,"column":109}},"type":"binary-expr","locations":[{"start":{"line":113,"column":8},"end":{"line":113,"column":38}},{"start":{"line":113,"column":42},"end":{"line":113,"column":73}},{"start":{"line":113,"column":77},"end":{"line":113,"column":109}}],"line":113},"10":{"loc":{"start":{"line":119,"column":35},"end":{"line":119,"column":75}},"type":"cond-expr","locations":[{"start":{"line":119,"column":50},"end":{"line":119,"column":54}},{"start":{"line":119,"column":57},"end":{"line":119,"column":75}}],"line":119},"11":{"loc":{"start":{"line":132,"column":35},"end":{"line":132,"column":79}},"type":"cond-expr","locations":[{"start":{"line":132,"column":50},"end":{"line":132,"column":54}},{"start":{"line":132,"column":57},"end":{"line":132,"column":79}}],"line":132},"12":{"loc":{"start":{"line":161,"column":22},"end":{"line":161,"column":51}},"type":"binary-expr","locations":[{"start":{"line":161,"column":22},"end":{"line":161,"column":45}},{"start":{"line":161,"column":49},"end":{"line":161,"column":51}}],"line":161},"13":{"loc":{"start":{"line":164,"column":4},"end":{"line":167,"column":5}},"type":"if","locations":[{"start":{"line":164,"column":4},"end":{"line":167,"column":5}},{"start":{},"end":{}}],"line":164},"14":{"loc":{"start":{"line":186,"column":31},"end":{"line":186,"column":75}},"type":"cond-expr","locations":[{"start":{"line":186,"column":46},"end":{"line":186,"column":50}},{"start":{"line":186,"column":53},"end":{"line":186,"column":75}}],"line":186},"15":{"loc":{"start":{"line":210,"column":31},"end":{"line":210,"column":71}},"type":"cond-expr","locations":[{"start":{"line":210,"column":46},
[...]
olumn":48}},"68":{"start":{"line":207,"column":26},"end":{"line":207,"column":48}},"69":{"start":{"line":210,"column":4},"end":{"line":214,"column":5}},"70":{"start":{"line":211,"column":6},"end":{"line":213,"column":7}},"71":{"start":{"line":212,"column":8},"end":{"line":212,"column":62}},"72":{"start":{"line":216,"column":4},"end":{"line":216,"column":16}},"73":{"start":{"line":223,"column":4},"end":{"line":225,"column":5}},"74":{"start":{"line":224,"column":6},"end":{"line":224,"column":64}},"75":{"start":{"line":228,"column":4},"end":{"line":230,"column":5}},"76":{"start":{"line":229,"column":6},"end":{"line":229,"column":96}},"77":{"start":{"line":232,"column":4},"end":{"line":232,"column":16}},"78":{"start":{"line":237,"column":24},"end":{"line":237,"column":28}},"79":{"start":{"line":239,"column":0},"end":{"line":247,"column":2}},"80":{"start":{"line":241,"column":4},"end":{"line":243,"column":5}},"81":{"start":{"line":242,"column":6},"end":{"line":242,"column":47}},"82":{"start":{"line":244,"column":4},"end":{"line":244,"column":29}}},"fnMap":{"0":{"name":"(anonymous_0)","decl":{"start":{"line":9,"column":2},"end":{"line":9,"column":3}},"loc":{"start":{"line":9,"column":16},"end":{"line":56,"column":3}},"line":9},"1":{"name":"(anonymous_1)","decl":{"start":{"line":61,"column":2},"end":{"line":61,"column":3}},"loc":{"start":{"line":61,"column":44},"end":{"line":92,"column":3}},"line":61},"2":{"name":"(anonymous_2)","decl":{"start":{"line":97,"column":2},"end":{"line":97,"column":3}},"loc":{"start":{"line":97,"column":29},"end":{"line":116,"column":3}},"line":97},"3":{"name":"(anonymous_3)","decl":{"start":{"line":121,"column":2},"end":{"line":121,"column":3}},"loc":{"start":{"line":121,"column":23},"end":{"line":140,"column":3}},"line":121},"4":{"name":"(anonymous_4)","decl":{"start":{"line":145,"column":2},"end":{"line":145,"column":3}},"loc":{"start":{"line":145,"column":32},"end":{"line":169,"column":3}},"line":145},"5":{"name":"(anonymous_5)","decl":{"start":{"line":174,"column":2},"end":{"line":174,"column":3}},"loc":{"start":{"line":174,"column":19},"end":{"line":193,"column":3}},"line":174},"6":{"name":"(anonymous_6)","decl":{"start":{"line":179,"column":53},"end":{"line":179,"column":54}},"loc":{"start":{"line":179,"column":61},"end":{"line":179,"column":80}},"line":179},"7":{"name":"(anonymous_7)","decl":{"start":{"line":198,"column":2},"end":{"line":198,"column":3}},"loc":{"start":{"line":198,"column":29},"end":{"line":217,"column":3}},"line":198},"8":{"name":"(anonymous_8)","decl":{"start":{"line":200,"column":13},"end":{"line":200,"column":14}},"loc":{"start":{"line":200,"column":20},"end":{"line":200,"column":82}},"line":200},"9":{"name":"(anonymous_9)","decl":{"start":{"line":201,"column":12},"end":{"line":201,"column":13}},"loc":{"start":{"line":201,"column":19},"end":{"line":201,"column":59}},"line":201},"10":{"name":"(anonymous_10)","decl":{"start":{"line":202,"column":16},"end":{"line":202,"column":17}},"loc":{"start":{"line":202,"column":23},"end":{"line":202,"column":101}},"line":202},"11":{"name":"(anonymous_11)","decl":{"start":{"line":203,"column":18},"end":{"line":203,"column":19}},"loc":{"start":{"line":203,"column":25},"end":{"line":203,"column":82}},"line":203},"12":{"name":"(anonymous_12)","decl":{"start":{"line":204,"column":21},"end":{"line":204,"column":22}},"loc":{"start":{"line":204,"column":28},"end":{"line":204,"column":79}},"line":204},"13":{"name":"(anonymous_13)","decl":{"start":{"line":205,"column":21},"end":{"line":205,"column":22}},"loc":{"start":{"line":205,"column":28},"end":{"line":205,"column":50}},"line":205},"14":{"name":"(anonymous_14)","decl":{"start":{"line":206,"column":19},"end":{"line":206,"column":20}},"loc":{"start":{"line":206,"column":26},"end":{"line":206,"column":48}},"line":206},"15":{"name":"(anonymous_15)","decl":{"start":{"line":207,"column":19},"end":{"line":207,"column":20}},"loc":{"start":{"line":207,"column":26},"end":{"line":207,"column":48}},"line":207},"16":{"name":"(anonymous_16)","decl":{"start":{"line":222,"column":2},"end":{"line":222,"column":3}},"loc":{"start":{"line":222,"column":27},"end":{"line":233,"column":3}},"line":222},"17":{"name":"(anonymous_17)","decl":{"start":{"line":240,"column":16},"end":{"line":240,"column":17}},"loc":{"start":{"line":240,"column":22},"end":{"line":245,"column":3}},"line":240}},"branchMap":{"0":{"loc":{"start":{"line":61,"column":33},"end":{"line":61,"column":42}},"type":"default-arg","locations":[{"start":{"line":61,"column":40},"end":{"line":61,"column":42}}],"line":61},"1":{"loc":{"start":{"line":62,"column":38},"end":{"line":62,"column":81}},"type":"cond-expr","locations":[{"start":{"line":62,"column":60},"end":{"line":62,"column":74}},{"start":{"line":62,"column":77},"end":{"line":62,"column":81}}],"line":62},"2":{"loc":{"start":{"line":65,"column":4},"end":{"line":67,"column":5}},"type":"if","locations":[{"start":{"line":65,"column":4},"end":{"line":67,"column":5}},{"start":{},"end":{}}],"line":65},"3":{"loc":{"start":{"line":71,"column":6},"end":{"line":74,"column":7}},"type":"if","locations":[{"start":{"line":71,"column":6},"end":{"line":74,"column":7}},{"start":{},"end":{}}],"line":71},"4":{"loc":{"start":{"line":79,"column":4},"end":{"line":81,"column":5}},"type":"if","locations":[{"start":{"line":79,"column":4},"end":{"line":81,"column":5}},{"start":{},"end":{}}],"line":79},"5":{"loc":{"start":{"line":84,"column":4},"end":{"line":87,"column":5}},"type":"if","locations":[{"start":{"line":84,"column":4},"end":{"line":87,"column":5}},{"start":{},"end":{}}],"line":84},"6":{"loc":{"start":{"line":98,"column":4},"end":{"line":100,"column":5}},"type":"if","locations":[{"start":{"line":98,"column":4},"end":{"line":100,"column":5}},{"start":{},"end":{}}],"line":98},"7":{"loc":{"start":{"line":98,"column":8},"end":{"line":98,"column":49}},"type":"binary-expr","locations":[{"start":{"line":98,"column":8},"end":{"line":98,"column":17}},{"start":{"line":98,"column":21},"end":{"line":98,"column":49}}],"line":98},"8":{"loc":{"start":{"line":103,"column":4},"end":{"line":105,"column":5}},"type":"if","locations":[{"start":{"line":103,"column":4},"end":{"line":105,"column":5}},{"start":{},"end":{}}],"line":103},"9":{"loc":{"start":{"line":109,"column":6},"end":{"line":112,"column":7}},"type":"if","locations":[{"start":{"line":109,"column":6},"end":{"line":112,"column":7}},{"start":{},"end":{}}],"line":109},"10":{"loc":{"start":{"line":122,"column":4},"end":{"line":124,"column":5}},"type":"if","locations":[{"start":{"line":122,"column":4},"end":{"line":124,"column":5}},{"start":{},"end":{}}],"line":122},"11":{"loc":{"start":{"line":134,"column":4},"end":{"line":137,"column":5}},"type":"if","locations":[{"start":{"line":134,"column":4},"end":{"line":137,"column":5}},{"start":{},"end":{}}],"line":134},"12":{"loc":{"start":{"line":146,"column":4},"end":{"line":148,"column":5}},"type":"if","locations":[{"start":{"line":146,"column":4},"end":{"line":148,"column":5}},{"start":{},"end":{}}],"line":146},"13":{"loc":{"start":{"line":146,"column":8},"end":{"line":146,"column":39}},"type":"binary-expr","locations":[{"start":{"line":146,"column":8},"end":{"line":146,"column":12}},{"start":{"line":146,"column":16},"end":{"line":146,"column":39}}],"line":146},"14":{"loc":{"start":{"line":151,"column":4},"end":{"line":153,"column":5}},"type":"if","locations":[{"start":{"line":151,"column":4},"end":{"line":153,"column":5}},{"start":{},"end":{}}],"line":151},"15":{"loc":{"start":{"line":163,"column":4},"end":{"line":166,"column":5}},"type":"if","locations":[{"start":{"line":163,"column":4},"end":{"line":166,"column":5}},{"start":{},"end":{}}],"line":163},"16":{"loc":{"start":{"line":163,"column":8},"end":{"line":163,"column":59}},"type":"binary-expr","locations":[{"start":{"line":163,"column":8},"end":{"line":163,"column":26}},{"start":{"line":163,"column":30},"end":{"line":163,"column":59}}],"line":163},"17":{"loc":{"start":{"line":182,"column":4},"end":{"line":188,"column":5}},"type":"if","locations":[{"start":{"line":182,"column":4},"end":{"line":188,"column":5}},{"start":{},"end":{}}],"line":182},"18":{"loc":{"start":{"line":210,"column":4},"end":{"line":214,"column":5}},"type":"if","locations":[{"start":{"line":210,"column":4},"end":{"line":214,"column":5}},{"start":{},"end":{}}],"line":210},"19":{"loc":{"start":{"line":211,"column":6},"end":{"line":213,"column":7}},"type":"if","locations":[{"start":{"line":211,"column":6},"end":{"line":213,"column":7}},{"start":{},"end":{}}],"line":211},"20":{"loc":{"start":{"line":223,"column":4},"end":{"line":225,"column":5}},"type":"if","locations":[{"start":{"line":223,"column":4},"end":{"line":225,"column":5}},{"start":{},"end":{}}],"line":223},"21":{"loc":{"start":{"line":223,"column":8},"end":{"line":223,"column":41}},"type":"binary-expr","locations":[{"start":{"line":223,"column":8},"end":{"line":223,"column":13}},{"start":{"line":223,"column":17},"end":{"line":223,"column":41}}],"line":223},"22":{"loc":{"start":{"line":228,"column":4},"end":{"line":230,"column":5}},"type":"if","locations":[{"start":{"line":228,"column":4},"end":{"line":230,"column":5}},{"start":{},"end":{}}],"line":228},"23":{"loc":{"start":{"line":241,"column":4},"end":{"line":243,"column":5}},"type":"if","locations":[{"start":{"line":241,"column":4},"end":{"line":243,"column":5}},{"start":{},"end":{}}],"line":241}},"s":{"0":1,"1":1,"2":1,"3":1,"4":1,"5":1,"6":1,"7":1,"8":1,"9":4,"10":4,"11":0,"12":4,"13":25,"14":3,"15":3,"16":1,"17":1,"18":1,"19":0,"20":0,"21":0,"22":0,"23":0,"24":4,"25":0,"26":4,"27":1,"28":3,"29":12,"30":2,"31":2,"32":1,"33":3,"34":0,"35":3,"36":3,"37":3,"38":3,"39":1,"40":1,"41":3,"42":3,"43":1,"44":2,"45":2,"46":1,"47":1,"48":1,"49":1,"50":1,"51":55,"52":55,"53":55,"54":655,"55":55,"56":1,"57":1,"58":54,"59":54,"60":4,"61":2,"62":0,"63":0,"64":0,"65":0,"66":2,"67":0,"68":0,"69":4,"70":4,"71":2,"72":2,"73":2,"74":0,"75":2,"76":1,"77":1,"78":1,"79":1,"80":20,"81":1,"82":20},"f":{"0":1,"1":4,"2":4,"3":3,"4":3,"5":55,"6":655,"7":4,"8":2,"9":0,"10":0,"11":0,"12":0,"13":2,"14":0,"15":0,"16":2,"17":20},"b":{"0":[4],"1":[4,0],"2":[0,4],"3":[3,22],"4":[1,0],"5":[0,0],"6":[0,4],"7":[4,4],"8":[1,3],"9":[2,10],"10":[0,3],"11":[1,2],"12":[1,2],"13":[3,2],"14":[1,1],"15":[1,0],"16":[1,1],"17":[1,54],"18":[4,0],"19":[2,2],"20":[0,2],"21":[2,2],"22":[1,1],"23":[1,19]},"_coverageSchema":"1a1c01bbd47fc00a2c39e90264f33305004495a9","hash":"94b6c35a9b46df11cd18e03bc758121dfce1bc92"}
,"C:\\Users\\Usman Mustafa\\OneDrive\\Desktop\\Echo\\utils\\logger.js": {"path":"C:\\Users\\Usman Mustafa\\OneDrive\\Desktop\\Echo\\utils\\logger.js","statementMap":{"0":{"start":{"line":1,"column":16},"end":{"line":1,"column":34}},"1":{"start":{"line":2,"column":13},"end":{"line":2,"column":28}},"2":{"start":{"line":3,"column":16},"end":{"line":3,"column":35}},"3":{"start":{"line":11,"column":19},"end":{"line":11,"column":78}},"4":{"start":{"line":14,"column":22},"end":{"line":19,"column":5}},"5":{"start":{"line":22,"column":26},"end":{"line":32,"column":5}},"6":{"start":{"line":26,"column":18},"end":{"line":26,"column":55}},"7":{"start":{"line":27,"column":8},"end":{"line":29,"column":9}},"8":{"start":{"line":28,"column":10},"end":{"line":28,"column":44}},"9":{"start":{"line":30,"column":8},"end":{"line":30,"column":19}},"10":{"start":{"line":35,"column":4},"end":{"line":53,"column":7}},"11":{"start":{"line":56,"column":4},"end":{"line":62,"column":5}},"12":{"start":{"line":57,"column":6},"end":{"line":61,"column":8}},"13":{"start":{"line":66,"column":4},"end":{"line":66,"column":36}},"14":{"start":{"line":70,"column":4},"end":{"line":70,"column":36}},"15":{"start":{"line":74,"column":4},"end":{"line":85,"column":5}},"16":{"start":{"line":75,"column":6},"end":{"line":82,"column":9}},"17":{"start":{"line":84,"column":6},"end":{"line":84,"column":39}},"18":{"start":{"line":89,"column":4},"end":{"line":89,"column":37}},"19":{"start":{"line":96,"column":17},"end":{"line":100,"column":5}},"20":{"start":{"line":102,"column":4},"end":{"line":104,"column":5}},"21":{"start":{"line":103,"column":6},"end":{"line":103,"column":33}},"22":{"start":{"line":106,"column":4},"end":{"line":110,"column":5}},"23":{"start":{"line":107,"column":6},"end":{"line":107,"column":59}},"24":{"start":{"line":109,"column":6},"end":{"line":109,"column":64}},"25":{"start":{"line":117,"column":17},"end":{"line":117,"column":37}},"26":{"start":{"line":119,"column":4},"end":{"line":121,"column":5}},"27":{"start":{"line":120,"column":6},"end":{"line":120,"column":33}},"28":{"start":{"line":123,"column":4},"end":{"line":127,"column":5}},"29":{"start":{"line":124,"column":6},"end":{"line":124,"column":42}},"30":{"start":{"line":126,"column":6},"end":{"line":126,"column":48}},"31":{"start":{"line":134,"column":4},"end":{"line":134,"column":51}},"32":{"start":{"line":139,"column":21},"end":{"line":139,"column":25}},"33":{"start":{"line":141,"column":0},"end":{"line":148,"column":2}},"34":{"start":{"line":143,"column":4},"end":{"line":145,"column":5}},"35":{"start":{"line":144,"column":6},"end":{"line":144,"column":36}},"36":{"start":{"line":146,"column":4},"end":{"line":146,"column":26}}},"fnMap":{"0":{"name":"(anonymous_0)","decl":{"start":{"line":10,"column":2},"end":{"line":10,"column":3}},"loc":{"start":{"line":10,"column":16},"end":{"line":63,"column":3}},"line":10},"1":{"name":"(anonymous_1)","decl":{"start":{"line":25,"column":28},"end":{"line":25,"column":29}},"loc":{"start":{"line":25,"column":72},"end":{"line":31,"column":7}},"line":25},"2":{"name":"(anonymous_2)","decl":{"start":{"line":65,"column":2},"end":{"line":65,"column":3}},"loc":{"start":{"line":65,"column":27},"end":{"line":67,"column":3}},"line":65},"3":{"name":"(anonymous_3)","decl":{"start":{"line":69,"column":2},"end":{"line":69,"column":3}},"loc":{"start":{"line":69,"column":27},"end":{"line":71,"column":3}},"line":69},"4":{"name":"(anonymous_4)","decl":{"start":{"line":73,"column":2},"end":{"line":73,"column":3}},"loc":{"start":{"line":73,"column":42},"end":{"line":86,"column":3}},"line":73},"5":{"name":"(anonymous_5)","decl":{"start":{"line":88,"column":2},"end":{"line":88,"column":3}},"loc":{"start":{"line":88,"column":28},"end":{"line":90,"column":3}},"line":88},"6":{"name":"(anonymous_6)","decl":{"start":{"line":95,"column":2},"end":{"line":95,"column":3}},"loc":{"start":{"line":95,"column":56},"end":{"line":111,"column":3}},"line":95},"7":{"name":"(anonymous_7)","decl":{"start":{"line":116,"column":2},"end":{"line":116,"column":3}},"loc":{"start":{"line":116,"column":45},"end":{"line":128,"column":3}},"line":116},"8":{"name":"(anonymous_8)","decl":{"start":{"line":133,"column":2},"end":{"line":133,"column":3}},"loc":{"start":{"line":133,"column":40},"end":{"line":135,"column":3}},"line":133},"9":{"name":"(anonymous_9)","decl":{"start":{"line":142,"column":13},"end":{"line":142,"column":14}},"loc":{"start":{"line":142,"column":19},"end":{"line":147,"column":3}},"line":142}},"branchMap":{"0":{"loc":{"start":{"line":11,"column":19},"end":{"line":11,"column":78}},"type":"cond-expr","locations":[{"start":{"line":11,"column":25},"end":{"line":11,"column":44}},{"start":{"line":11,"column":47},"end":{"line":11,"column":78}}],"line":11},"1":{"loc":{"start":{"line":27,"column":8},"end":{"line":29,"column":9}},"type":"if","locations":[{"start":{"line":27,"column":8},"end":{"line":29,"column":9}},{"start":{},"end":{}}],"line":27},"2":{"loc":{"start":{"line":36,"column":13},"end":{"line":36,"column":44}},"type":"binary-expr","locations":[{"start":{"line":36,"column":13},"end":{"line":36,"column":34}},{"start":{"line":36,"column":38},"end":{"line":36,"column":44}}],"line":36},"3":{"loc":{"start":{"line":56,"column":4},"end":{"line":62,"column":5}},"type":"if","locations":[{"start":{"line":56,"column":4},"end":{"line":62,"column":5}},{"start":{},"end":{}}],"line":56},"4":{"loc":{"start":{"line":65,"column":16},"end":{"line":65,"column":25}},"type":"default-arg","locations":[{"start":{"line":65,"column":23},"end":{"line":65,"column":25}}],"line":65},"5":{"loc":{"start":{"line":69,"column":16},"end":{"line":69,"column":25}},"type":"default-arg","locations":[{"start":{"line":69,"column":23},"end":{"line":69,"column":25}}],"line":69},"6":{"loc":{"start":{"line":73,"column":17},"end":{"line":73,"column":29}},"type":"default-arg","locations":[{"start":{"line":73,"column":25},"end":{"line":73,"column":29}}],"line":73},"7":{"loc":{"start":{"line":73,"column":31},"end":{"line":73,"column":40}},"type":"default-arg","locations":[{"start":{"line":73,"column":38},"end":{"line":73,"column":40}}],"line":73},"8":{"loc":{"start":{"line":74,"column":4},"end":{"line":85,"column":5}},"type":"if","locations":[{"start":{"line":74,"column":4},"end":{"line":85,"column":5}},{"start":{"line":83,"column":11},"end":{"line":85,"column":5}}],"line":74},"9":{"loc":{"start":{"line":88,"column":17},"end":{"line":88,"column":26}},"type":"default-arg","locations":[{"start":{"line":88,"column":24},"end":{"line":88,"column":26}}],"line":88},"10":{"loc":{"start":{"line":95,"column":42},"end":{"line":95,"column":54}},"type":"default-arg","locations":[{"start":{"line":95,"column":50},"end":{"line":95,"column":54}}],"line":95},"11":{"loc":{"start":{"line":102,"column":4},"end":{"line":104,"column":5}},"type":"if","locations":[{"start":{"line":102,"column":4},"end":{"line":104,"column":5}},{"start":{},"end":{}}],"line":102},"12":{"loc":{"start":{"line":106,"column":4},"end":{"line":110,"column":5}},"type":"if","locations":[{"start":{"line":106,"column":4},"end":{"line":110,"column":5}},{"start":{"line":108,"column":11},"end":{"line":110,"column":5}}],"line":106},"13":{"loc":{"start":{"line":116,"column":31},"end":{"line":116,"column":43}},"type":"default-arg","locations":[{"start":{"line":116,"column":39},"end":{"line":116,"column":43}}],"line":116},"14":{"loc":{"start":{"line":119,"column":4},"end":{"line":121,"column":5}},"type":"if","locations":[{"start":{"line":119,"column":4},"end":{"line":121,"column":5}},{"start":{},"end":{}}],"line":119},"15":{"loc":{"start":{"line":123,"column":4},"end":{"line":127,"column":5}},"type":"if","locations":[{"start":{"line":123,"column":4},"end":{"line":127,"column":5}},{"start":{"line":125,"column":11},"end":{"line":127,"column":5}}],"line":123},"16":{"loc":{"start":{"line":133,"column":26},"end":{"line":133,"column":38}},"type":"default-arg","locations":[{"start":{"line":133,"column":36},"end":{"line":133,"column":38}}],"line":133},"17":{"loc":{"start":{"line":143,"column":4},"end":{"line":145,"column":5}},"type":"if","locations":[{"start":{"line":143,"column":4},"end":{"line":145,"column":5}},{"start":{},"end":{}}],"line":143}},"s":{"0":2,"1":2,"2":2,"3":1,"4":1,"5":1,"6":8,"7":8,"8":8,"9":8,"10":1,"11":1,"12":1,"13":0,"14":8,"15":0,"16":0,"17":0,"18":0,"19":0,"20":0,"21":0,"22":0,"23":0,"24":0,"25":0,"26":0,"27":0,"28":0,"29":0,"30":0,"31":0,"32":2,"33":2,"34":2,"35":1,"36":2},"f":{"0":1,"1":8,"2":0,"3":8,"4":0,"5":0,"6":0,"7":0,"8":0,"9":2},"b":{"0":[1,0],"1":[8,0],"2":[1,1],"3":[1,0],"4":[0],"5":[0],"6":[0],"7":[0],"8":[0,0],"9":[0],"10":[0],"11":[0,0],"12":[0,0],"13":[0],"14":[0,0],"15":[0,0],"16":[0],"17":[1,1]},"_coverageSchema":"1a1c01bbd47fc00a2c39e90264f33305004495a9","hash":"3cdabd7d252bf24fb3340fd1ebac1a2216c55a65"}
,"C:\\Users\\Usman Mustafa\\OneDrive\\Desktop\\Echo\\utils\\tray-icon.js": {"path":"C:\\Users\\Usman Mustafa\\OneDrive\\Desktop\\Echo\\utils\\tray-icon.js","statementMap":{"0":{"start":{"line":1,"column":24},"end":{"line":1,"column":43}},"1":{"start":{"line":6,"column":17},"end":{"line":6,"column":298}},"2":{"start":{"line":7,"column":2},"end":{"line":7,"column":46}},"3":{"start":{"line":10,"column":0},"end":{"line":10,"column":36}}},"fnMap":{"0":{"name":"createTrayIcon","decl":{"start":{"line":3,"column":9},"end":{"line":3,"column":23}},"loc":{"start":{"line":3,"column":26},"end":{"line":8,"column":1}},"line":3}},"branchMap":{},"s":{"0":0,"1":0,"2":0,"3":0},"f":{"0":0},"b":{}}
}
