TN:
SF:scripts\ai-models.js
FNF:0
FNH:0
DA:6,0
DA:44,0
LF:2
LH:0
BRF:0
BRH:0
end_of_record
TN:
SF:scripts\auto-update.js
FN:9,checkForUpdatesOnStartup
FNF:1
FNH:0
FNDA:0,checkForUpdatesOnStartup
DA:1,0
DA:2,0
DA:3,0
DA:10,0
DA:11,0
DA:14,0
DA:15,0
DA:16,0
DA:20,0
DA:21,0
DA:22,0
DA:24,0
DA:26,0
DA:29,0
DA:30,0
DA:33,0
DA:35,0
DA:37,0
DA:41,0
DA:45,0
LF:20
LH:0
BRDA:15,0,0,0
BRDA:15,0,1,0
BRDA:24,1,0,0
BRDA:24,1,1,0
BRDA:24,2,0,0
BRDA:24,2,1,0
BRDA:35,3,0,0
BRDA:35,3,1,0
BRF:8
BRH:0
end_of_record
TN:
SF:scripts\config-manager.js
FN:5,(anonymous_0)
FN:38,(anonymous_1)
FN:61,(anonymous_2)
FN:69,(anonymous_3)
FN:72,(anonymous_4)
FN:83,(anonymous_5)
FN:95,(anonymous_6)
FN:106,(anonymous_7)
FN:110,(anonymous_8)
FN:114,(anonymous_9)
FN:118,(anonymous_10)
FN:122,(anonymous_11)
FN:134,(anonymous_12)
FN:151,(anonymous_13)
FNF:14
FNH:6
FNDA:3,(anonymous_0)
FNDA:3,(anonymous_1)
FNDA:1,(anonymous_2)
FNDA:1,(anonymous_3)
FNDA:0,(anonymous_4)
FNDA:0,(anonymous_5)
FNDA:0,(anonymous_6)
FNDA:0,(anonymous_7)
FNDA:0,(anonymous_8)
FNDA:0,(anonymous_9)
FNDA:0,(anonymous_10)
FNDA:1,(anonymous_11)
FNDA:0,(anonymous_12)
FNDA:1,(anonymous_13)
DA:1,2
DA:2,2
DA:6,3
DA:34,3
DA:35,3
DA:39,3
DA:41,3
DA:42,0
DA:43,0
DA:46,0
DA:47,0
DA:48,0
DA:49,0
DA:50,0
DA:51,0
DA:52,0
DA:57,0
DA:63,1
DA:64,0
DA:66,1
DA:71,1
DA:72,0
DA:73,0
DA:75,0
DA:77,1
DA:84,0
DA:85,0
DA:88,0
DA:89,0
DA:96,0
DA:97,0
DA:100,0
DA:101,0
DA:102,0
DA:107,0
DA:111,0
DA:115,0
DA:119,0
DA:123,1
DA:131,1
DA:135,0
DA:148,0
DA:152,1
DA:157,1
DA:161,2
LF:45
LH:16
BRDA:41,0,0,0
BRDA:41,0,1,3
BRDA:41,1,0,3
BRDA:41,1,1,3
BRDA:41,1,2,3
BRDA:46,2,0,0
BRDA:46,2,1,0
BRDA:48,3,0,0
BRDA:48,3,1,0
BRDA:48,4,0,0
BRDA:48,4,1,0
BRDA:63,5,0,0
BRDA:63,5,1,1
BRDA:63,6,0,1
BRDA:63,6,1,0
BRDA:71,7,0,0
BRDA:71,7,1,1
BRDA:71,8,0,1
BRDA:71,8,1,0
BRDA:71,8,2,0
BRDA:84,9,0,0
BRDA:84,9,1,0
BRDA:88,10,0,0
BRDA:88,10,1,0
BRDA:96,11,0,0
BRDA:96,11,1,0
BRDA:100,12,0,0
BRDA:100,12,1,0
BRDA:131,13,0,1
BRDA:131,13,1,0
BRDA:148,14,0,0
BRDA:148,14,1,0
BRDA:157,15,0,1
BRDA:157,15,1,0
BRF:34
BRH:10
end_of_record
TN:
SF:scripts\docs-server.js
FN:29,startServer
FN:45,(anonymous_1)
FN:54,(anonymous_2)
FN:65,(anonymous_3)
FN:74,(anonymous_4)
FNF:5
FNH:0
FNDA:0,startServer
FNDA:0,(anonymous_1)
FNDA:0,(anonymous_2)
FNDA:0,(anonymous_3)
FNDA:0,(anonymous_4)
DA:1,0
DA:2,0
DA:3,0
DA:4,0
DA:5,0
DA:7,0
DA:8,0
DA:10,0
DA:30,0
DA:31,0
DA:32,0
DA:33,0
DA:36,0
DA:38,0
DA:39,0
DA:40,0
DA:41,0
DA:42,0
DA:45,0
DA:46,0
DA:47,0
DA:48,0
DA:51,0
DA:52,0
DA:54,0
DA:55,0
DA:56,0
DA:57,0
DA:59,0
DA:60,0
DA:65,0
DA:66,0
DA:67,0
DA:68,0
DA:70,0
DA:74,0
DA:75,0
DA:76,0
DA:77,0
DA:78,0
DA:79,0
DA:81,0
DA:83,0
DA:84,0
DA:88,0
DA:89,0
DA:92,0
LF:47
LH:0
BRDA:29,0,0,0
BRDA:30,1,0,0
BRDA:30,1,1,0
BRDA:38,2,0,0
BRDA:38,2,1,0
BRDA:46,3,0,0
BRDA:46,3,1,0
BRDA:47,4,0,0
BRDA:47,4,1,0
BRDA:52,5,0,0
BRDA:52,5,1,0
BRDA:55,6,0,0
BRDA:55,6,1,0
BRDA:66,7,0,0
BRDA:66,7,1,0
BRDA:78,8,0,0
BRDA:78,8,1,0
BRDA:83,9,0,0
BRDA:83,9,1,0
BRDA:83,10,0,0
BRDA:83,10,1,0
BRDA:88,11,0,0
BRDA:88,11,1,0
BRF:23
BRH:0
end_of_record
TN:
SF:scripts\memory-manager.js
FN:7,(anonymous_0)
FN:26,(anonymous_1)
FN:38,(anonymous_2)
FN:49,(anonymous_3)
FN:66,(anonymous_4)
FN:101,(anonymous_5)
FN:111,(anonymous_6)
FN:128,(anonymous_7)
FN:151,(anonymous_8)
FN:171,(anonymous_9)
FN:175,(anonymous_10)
FN:184,(anonymous_11)
FN:200,(anonymous_12)
FN:210,(anonymous_13)
FNF:14
FNH:14
FNDA:10,(anonymous_0)
FNDA:20,(anonymous_1)
FNDA:1218,(anonymous_2)
FNDA:1217,(anonymous_3)
FNDA:1216,(anonymous_4)
FNDA:2,(anonymous_5)
FNDA:1243,(anonymous_6)
FNDA:21,(anonymous_7)
FNDA:20,(anonymous_8)
FNDA:1,(anonymous_9)
FNDA:3,(anonymous_10)
FNDA:1,(anonymous_11)
FNDA:1,(anonymous_12)
FNDA:1,(anonymous_13)
DA:1,2
DA:2,2
DA:3,2
DA:4,2
DA:8,10
DA:9,10
DA:10,10
DA:13,10
DA:15,10
DA:18,10
DA:19,10
DA:20,10
DA:21,10
DA:23,10
DA:27,20
DA:28,10
DA:32,20
DA:39,1218
DA:40,1218
DA:41,1218
DA:42,1218
DA:43,1218
DA:50,1217
DA:51,1217
DA:52,1217
DA:53,1217
DA:54,1217
DA:55,1216
DA:56,1216
DA:57,1216
DA:59,1
DA:68,1216
DA:69,1
DA:72,1216
DA:73,1216
DA:80,1216
DA:81,10
DA:84,1216
DA:87,1216
DA:89,0
DA:90,0
DA:91,0
DA:93,1216
DA:102,2
DA:103,2
DA:105,2
DA:112,1243
DA:113,28
DA:115,1215
DA:116,1215
DA:117,1215
DA:118,1215
DA:120,0
DA:121,0
DA:129,21
DA:130,21
DA:132,21
DA:133,1
DA:135,21
DA:136,0
DA:139,21
DA:152,20
DA:155,20
DA:156,0
DA:157,0
DA:158,0
DA:160,0
DA:161,0
DA:163,0
DA:172,1
DA:173,1
DA:175,1
DA:176,3
DA:177,3
DA:185,1
DA:186,1
DA:189,1
DA:190,1
DA:191,1
DA:192,1
DA:194,1
DA:201,1
DA:202,1
DA:203,1
DA:204,1
DA:211,1
DA:212,1
DA:214,0
DA:215,0
DA:216,0
DA:217,0
DA:219,0
DA:224,2
LF:93
LH:76
BRDA:27,0,0,10
BRDA:27,0,1,10
BRDA:68,1,0,1
BRDA:68,1,1,1215
BRDA:80,2,0,10
BRDA:80,2,1,1206
BRDA:87,3,0,0
BRDA:87,3,1,1216
BRDA:101,4,0,1
BRDA:102,5,0,2
BRDA:102,5,1,1
BRDA:112,6,0,28
BRDA:112,6,1,1215
BRDA:118,7,0,1215
BRDA:118,7,1,0
BRDA:132,8,0,1
BRDA:132,8,1,20
BRDA:135,9,0,0
BRDA:135,9,1,21
BRDA:155,10,0,0
BRDA:155,10,1,20
BRDA:185,11,0,1
BRDA:185,11,1,0
BRDA:186,12,0,1
BRDA:186,12,1,0
BRDA:191,13,0,0
BRDA:191,13,1,1
BRDA:192,14,0,0
BRDA:192,14,1,1
BRDA:211,15,0,1
BRDA:211,15,1,0
BRDA:217,16,0,0
BRDA:217,16,1,0
BRF:33
BRH:22
end_of_record
TN:
SF:scripts\notification-manager.js
FN:6,(anonymous_0)
FN:19,(anonymous_1)
FN:32,(anonymous_2)
FN:47,(anonymous_3)
FN:54,(anonymous_4)
FN:61,(anonymous_5)
FN:68,(anonymous_6)
FNF:7
FNH:0
FNDA:0,(anonymous_0)
FNDA:0,(anonymous_1)
FNDA:0,(anonymous_2)
FNDA:0,(anonymous_3)
FNDA:0,(anonymous_4)
FNDA:0,(anonymous_5)
FNDA:0,(anonymous_6)
DA:1,0
DA:2,0
DA:3,0
DA:7,0
DA:9,0
DA:20,0
DA:31,0
DA:32,0
DA:33,0
DA:34,0
DA:37,0
DA:39,0
DA:40,0
DA:48,0
DA:55,0
DA:62,0
DA:69,0
DA:79,0
LF:18
LH:0
BRDA:19,0,0,0
BRDA:19,1,0,0
BRDA:21,2,0,0
BRDA:21,2,1,0
BRDA:33,3,0,0
BRDA:33,3,1,0
BRF:6
BRH:0
end_of_record
TN:
SF:scripts\plugin-generator.js
FN:6,run
FN:15,(anonymous_1)
FN:38,(anonymous_2)
FN:45,(anonymous_3)
FNF:4
FNH:0
FNDA:0,run
FNDA:0,(anonymous_1)
FNDA:0,(anonymous_2)
FNDA:0,(anonymous_3)
DA:1,0
DA:2,0
DA:3,0
DA:4,0
DA:7,0
DA:8,0
DA:10,0
DA:16,0
DA:17,0
DA:19,0
DA:38,0
DA:46,0
DA:47,0
DA:49,0
DA:60,0
DA:105,0
DA:106,0
DA:107,0
DA:109,0
DA:110,0
DA:118,0
DA:119,0
DA:120,0
DA:124,0
DA:126,0
DA:127,0
DA:129,0
DA:138,0
DA:139,0
DA:140,0
DA:141,0
DA:142,0
DA:143,0
DA:144,0
DA:145,0
DA:149,0
DA:152,0
LF:37
LH:0
BRDA:16,0,0,0
BRDA:16,0,1,0
BRDA:38,1,0,0
BRDA:38,1,1,0
BRDA:38,1,2,0
BRDA:46,2,0,0
BRDA:46,2,1,0
BRDA:109,3,0,0
BRDA:109,3,1,0
BRDA:118,4,0,0
BRDA:118,4,1,0
BRDA:138,5,0,0
BRDA:138,5,1,0
BRDA:141,6,0,0
BRDA:141,6,1,0
BRDA:142,7,0,0
BRDA:142,7,1,0
BRF:17
BRH:0
end_of_record
TN:
SF:scripts\plugin-manager.js
FN:6,(anonymous_0)
FN:20,(anonymous_1)
FN:42,(anonymous_2)
FN:73,(anonymous_3)
FN:95,(anonymous_4)
FN:114,(anonymous_5)
FN:127,(anonymous_6)
FN:142,(anonymous_7)
FNF:8
FNH:0
FNDA:0,(anonymous_0)
FNDA:0,(anonymous_1)
FNDA:0,(anonymous_2)
FNDA:0,(anonymous_3)
FNDA:0,(anonymous_4)
FNDA:0,(anonymous_5)
FNDA:0,(anonymous_6)
FNDA:0,(anonymous_7)
DA:1,0
DA:2,0
DA:3,0
DA:7,0
DA:8,0
DA:9,0
DA:12,0
DA:13,0
DA:21,0
DA:23,0
DA:24,0
DA:26,0
DA:27,0
DA:28,0
DA:29,0
DA:33,0
DA:35,0
DA:43,0
DA:44,0
DA:47,0
DA:48,0
DA:52,0
DA:53,0
DA:54,0
DA:55,0
DA:58,0
DA:59,0
DA:62,0
DA:63,0
DA:66,0
DA:74,0
DA:75,0
DA:76,0
DA:77,0
DA:78,0
DA:80,0
DA:89,0
DA:96,0
DA:98,0
DA:99,0
DA:100,0
DA:108,0
DA:115,0
DA:116,0
DA:117,0
DA:118,0
DA:119,0
DA:121,0
DA:128,0
DA:129,0
DA:130,0
DA:131,0
DA:132,0
DA:133,0
DA:134,0
DA:136,0
DA:143,0
DA:144,0
DA:146,0
DA:147,0
DA:149,0
DA:150,0
DA:151,0
DA:152,0
DA:154,0
DA:155,0
DA:157,0
DA:158,0
DA:173,0
DA:176,0
DA:180,0
LF:71
LH:0
BRDA:12,0,0,0
BRDA:12,0,1,0
BRDA:21,1,0,0
BRDA:21,1,1,0
BRDA:27,2,0,0
BRDA:27,2,1,0
BRDA:47,3,0,0
BRDA:47,3,1,0
BRDA:47,4,0,0
BRDA:47,4,1,0
BRDA:52,5,0,0
BRDA:52,5,1,0
BRDA:53,6,0,0
BRDA:53,6,1,0
BRDA:59,7,0,0
BRDA:59,7,1,0
BRDA:62,8,0,0
BRDA:62,8,1,0
BRDA:62,9,0,0
BRDA:62,9,1,0
BRDA:75,10,0,0
BRDA:75,10,1,0
BRDA:103,11,0,0
BRDA:103,11,1,0
BRDA:115,12,0,0
BRDA:115,12,1,0
BRDA:116,13,0,0
BRDA:116,13,1,0
BRDA:128,14,0,0
BRDA:128,14,1,0
BRDA:130,15,0,0
BRDA:130,15,1,0
BRDA:144,16,0,0
BRDA:144,16,1,0
BRDA:150,17,0,0
BRDA:150,17,1,0
BRDA:157,18,0,0
BRDA:157,18,1,0
BRDA:157,19,0,0
BRDA:157,19,1,0
BRDA:160,20,0,0
BRDA:160,20,1,0
BRDA:161,21,0,0
BRDA:161,21,1,0
BRF:44
BRH:0
end_of_record
TN:
SF:scripts\postinstall.js
FN:5,postInstall
FNF:1
FNH:0
FNDA:0,postInstall
DA:1,0
DA:3,0
DA:6,0
DA:7,0
DA:8,0
DA:9,0
DA:11,0
DA:12,0
DA:14,0
DA:15,0
DA:16,0
DA:18,0
DA:19,0
DA:21,0
DA:24,0
DA:25,0
DA:28,0
LF:17
LH:0
BRDA:24,0,0,0
BRDA:24,0,1,0
BRF:2
BRH:0
end_of_record
TN:
SF:scripts\prepublish.js
FNF:0
FNH:0
DA:1,0
DA:2,0
DA:3,0
DA:4,0
DA:6,0
DA:8,0
DA:10,0
DA:12,0
DA:13,0
DA:14,0
DA:15,0
DA:17,0
DA:18,0
DA:19,0
DA:21,0
DA:22,0
DA:24,0
DA:25,0
DA:26,0
DA:29,0
DA:33,0
DA:34,0
DA:35,0
DA:36,0
DA:37,0
DA:38,0
DA:39,0
DA:40,0
DA:43,0
DA:46,0
DA:48,0
DA:51,0
DA:52,0
DA:53,0
DA:54,0
DA:56,0
DA:59,0
DA:60,0
DA:61,0
DA:62,0
DA:63,0
DA:67,0
DA:68,0
DA:69,0
DA:70,0
DA:73,0
DA:76,0
DA:77,0
DA:78,0
DA:79,0
DA:82,0
DA:83,0
LF:52
LH:0
BRDA:14,0,0,0
BRDA:14,0,1,0
BRDA:17,1,0,0
BRDA:17,1,1,0
BRDA:34,2,0,0
BRDA:34,2,1,0
BRDA:38,3,0,0
BRDA:38,3,1,0
BRDA:52,4,0,0
BRDA:52,4,1,0
BRDA:61,5,0,0
BRDA:61,5,1,0
BRDA:68,6,0,0
BRDA:68,6,1,0
BRF:14
BRH:0
end_of_record
TN:
SF:scripts\scheduler-cli.js
FN:7,run
FN:58,listTasks
FN:68,(anonymous_2)
FN:82,createReminder
FN:90,(anonymous_4)
FN:96,(anonymous_5)
FN:119,(anonymous_6)
FN:132,(anonymous_7)
FN:158,scheduleWorkflow
FN:180,(anonymous_9)
FN:186,(anonymous_10)
FN:204,scheduleCommand
FN:210,(anonymous_12)
FN:216,(anonymous_13)
FN:222,(anonymous_14)
FN:240,editTask
FN:253,(anonymous_16)
FN:285,deleteTask
FN:298,(anonymous_18)
FN:322,toggleTask
FN:335,(anonymous_20)
FNF:21
FNH:0
FNDA:0,run
FNDA:0,listTasks
FNDA:0,(anonymous_2)
FNDA:0,createReminder
FNDA:0,(anonymous_4)
FNDA:0,(anonymous_5)
FNDA:0,(anonymous_6)
FNDA:0,(anonymous_7)
FNDA:0,scheduleWorkflow
FNDA:0,(anonymous_9)
FNDA:0,(anonymous_10)
FNDA:0,scheduleCommand
FNDA:0,(anonymous_12)
FNDA:0,(anonymous_13)
FNDA:0,(anonymous_14)
FNDA:0,editTask
FNDA:0,(anonymous_16)
FNDA:0,deleteTask
FNDA:0,(anonymous_18)
FNDA:0,toggleTask
FNDA:0,(anonymous_20)
DA:1,0
DA:2,0
DA:3,0
DA:5,0
DA:8,0
DA:10,0
DA:28,0
DA:30,0
DA:32,0
DA:33,0
DA:35,0
DA:36,0
DA:38,0
DA:39,0
DA:41,0
DA:42,0
DA:44,0
DA:45,0
DA:47,0
DA:48,0
DA:50,0
DA:51,0
DA:55,0
DA:59,0
DA:61,0
DA:62,0
DA:63,0
DA:66,0
DA:68,0
DA:69,0
DA:70,0
DA:71,0
DA:73,0
DA:74,0
DA:75,0
DA:76,0
DA:77,0
DA:78,0
DA:83,0
DA:85,0
DA:90,0
DA:96,0
DA:111,0
DA:113,0
DA:114,0
DA:119,0
DA:123,0
DA:124,0
DA:125,0
DA:127,0
DA:132,0
DA:142,0
DA:143,0
DA:146,0
DA:154,0
DA:155,0
DA:159,0
DA:160,0
DA:161,0
DA:162,0
DA:164,0
DA:165,0
DA:166,0
DA:169,0
DA:180,0
DA:186,0
DA:190,0
DA:192,0
DA:200,0
DA:201,0
DA:205,0
DA:210,0
DA:216,0
DA:222,0
DA:226,0
DA:228,0
DA:236,0
DA:237,0
DA:241,0
DA:243,0
DA:244,0
DA:245,0
DA:248,0
DA:253,0
DA:260,0
DA:262,0
DA:277,0
DA:282,0
DA:286,0
DA:288,0
DA:289,0
DA:290,0
DA:293,0
DA:298,0
DA:305,0
DA:307,0
DA:316,0
DA:317,0
DA:318,0
DA:323,0
DA:325,0
DA:326,0
DA:327,0
DA:330,0
DA:335,0
DA:342,0
DA:343,0
DA:346,0
LF:108
LH:0
BRDA:28,0,0,0
BRDA:28,0,1,0
BRDA:30,1,0,0
BRDA:30,1,1,0
BRDA:30,1,2,0
BRDA:30,1,3,0
BRDA:30,1,4,0
BRDA:30,1,5,0
BRDA:30,1,6,0
BRDA:61,2,0,0
BRDA:61,2,1,0
BRDA:69,3,0,0
BRDA:69,3,1,0
BRDA:70,4,0,0
BRDA:70,4,1,0
BRDA:71,5,0,0
BRDA:71,5,1,0
BRDA:90,6,0,0
BRDA:90,6,1,0
BRDA:96,7,0,0
BRDA:96,7,1,0
BRDA:113,8,0,0
BRDA:113,8,1,0
BRDA:113,9,0,0
BRDA:113,9,1,0
BRDA:113,9,2,0
BRDA:119,10,0,0
BRDA:119,10,1,0
BRDA:132,11,0,0
BRDA:132,11,1,0
BRDA:161,12,0,0
BRDA:161,12,1,0
BRDA:164,13,0,0
BRDA:164,13,1,0
BRDA:186,14,0,0
BRDA:186,14,1,0
BRDA:210,15,0,0
BRDA:210,15,1,0
BRDA:216,16,0,0
BRDA:216,16,1,0
BRDA:222,17,0,0
BRDA:222,17,1,0
BRDA:243,18,0,0
BRDA:243,18,1,0
BRDA:278,19,0,0
BRDA:278,19,1,0
BRDA:279,20,0,0
BRDA:279,20,1,0
BRDA:288,21,0,0
BRDA:288,21,1,0
BRDA:305,22,0,0
BRDA:305,22,1,0
BRDA:316,23,0,0
BRDA:316,23,1,0
BRDA:325,24,0,0
BRDA:325,24,1,0
BRDA:336,25,0,0
BRDA:336,25,1,0
BRDA:343,26,0,0
BRDA:343,26,1,0
BRF:60
BRH:0
end_of_record
TN:
SF:scripts\scheduler.js
FN:12,(anonymous_0)
FN:20,(anonymous_1)
FN:31,(anonymous_2)
FN:46,(anonymous_3)
FN:63,(anonymous_4)
FN:85,(anonymous_5)
FN:93,(anonymous_6)
FN:145,(anonymous_7)
FN:147,(anonymous_8)
FN:158,(anonymous_9)
FN:161,(anonymous_10)
FN:187,(anonymous_11)
FN:209,(anonymous_12)
FN:232,(anonymous_13)
FN:239,(anonymous_14)
FN:254,(anonymous_15)
FN:275,(anonymous_16)
FN:283,(anonymous_17)
FN:287,(anonymous_18)
FN:291,(anonymous_19)
FN:300,(anonymous_20)
FN:301,(anonymous_21)
FN:307,(anonymous_22)
FN:325,(anonymous_23)
FN:326,(anonymous_24)
FN:337,(anonymous_25)
FN:349,(anonymous_26)
FN:358,(anonymous_27)
FNF:28
FNH:0
FNDA:0,(anonymous_0)
FNDA:0,(anonymous_1)
FNDA:0,(anonymous_2)
FNDA:0,(anonymous_3)
FNDA:0,(anonymous_4)
FNDA:0,(anonymous_5)
FNDA:0,(anonymous_6)
FNDA:0,(anonymous_7)
FNDA:0,(anonymous_8)
FNDA:0,(anonymous_9)
FNDA:0,(anonymous_10)
FNDA:0,(anonymous_11)
FNDA:0,(anonymous_12)
FNDA:0,(anonymous_13)
FNDA:0,(anonymous_14)
FNDA:0,(anonymous_15)
FNDA:0,(anonymous_16)
FNDA:0,(anonymous_17)
FNDA:0,(anonymous_18)
FNDA:0,(anonymous_19)
FNDA:0,(anonymous_20)
FNDA:0,(anonymous_21)
FNDA:0,(anonymous_22)
FNDA:0,(anonymous_23)
FNDA:0,(anonymous_24)
FNDA:0,(anonymous_25)
FNDA:0,(anonymous_26)
FNDA:0,(anonymous_27)
DA:1,0
DA:2,0
DA:3,0
DA:4,0
DA:5,0
DA:13,0
DA:14,0
DA:15,0
DA:16,0
DA:17,0
DA:21,0
DA:22,0
DA:24,0
DA:25,0
DA:32,0
DA:33,0
DA:34,0
DA:35,0
DA:37,0
DA:38,0
DA:47,0
DA:48,0
DA:50,0
DA:64,0
DA:77,0
DA:78,0
DA:79,0
DA:86,0
DA:94,0
DA:97,0
DA:98,0
DA:102,0
DA:103,0
DA:104,0
DA:105,0
DA:108,0
DA:109,0
DA:111,0
DA:115,0
DA:116,0
DA:117,0
DA:118,0
DA:119,0
DA:120,0
DA:121,0
DA:123,0
DA:126,0
DA:127,0
DA:128,0
DA:129,0
DA:132,0
DA:133,0
DA:134,0
DA:135,0
DA:139,0
DA:147,0
DA:148,0
DA:152,0
DA:159,0
DA:161,0
DA:162,0
DA:164,0
DA:166,0
DA:167,0
DA:169,0
DA:171,0
DA:172,0
DA:175,0
DA:176,0
DA:179,0
DA:188,0
DA:190,0
DA:192,0
DA:193,0
DA:195,0
DA:196,0
DA:198,0
DA:199,0
DA:201,0
DA:202,0
DA:210,0
DA:212,0
DA:213,0
DA:214,0
DA:215,0
DA:218,0
DA:221,0
DA:222,0
DA:223,0
DA:224,0
DA:233,0
DA:240,0
DA:241,0
DA:242,0
DA:243,0
DA:245,0
DA:246,0
DA:247,0
DA:250,0
DA:253,0
DA:254,0
DA:255,0
DA:257,0
DA:258,0
DA:260,0
DA:261,0
DA:263,0
DA:264,0
DA:266,0
DA:267,0
DA:276,0
DA:277,0
DA:284,0
DA:286,0
DA:287,0
DA:290,0
DA:291,0
DA:294,0
DA:301,0
DA:308,0
DA:309,0
DA:311,0
DA:314,0
DA:315,0
DA:318,0
DA:319,0
DA:326,0
DA:327,0
DA:329,0
DA:330,0
DA:331,0
DA:338,0
DA:339,0
DA:341,0
DA:342,0
DA:343,0
DA:350,0
DA:351,0
DA:359,0
DA:360,0
DA:363,0
DA:364,0
DA:365,0
DA:372,0
DA:373,0
DA:374,0
DA:375,0
DA:382,0
DA:383,0
DA:384,0
DA:385,0
DA:386,0
DA:387,0
DA:389,0
DA:390,0
DA:392,0
DA:395,0
DA:397,0
DA:405,0
DA:406,0
DA:407,0
DA:408,0
DA:409,0
DA:410,0
DA:412,0
DA:413,0
DA:415,0
DA:416,0
DA:417,0
DA:419,0
DA:427,0
DA:428,0
DA:429,0
DA:430,0
DA:431,0
DA:432,0
DA:434,0
DA:435,0
DA:437,0
DA:439,0
DA:447,0
DA:454,0
LF:182
LH:0
BRDA:21,0,0,0
BRDA:21,0,1,0
BRDA:32,1,0,0
BRDA:32,1,1,0
BRDA:67,2,0,0
BRDA:67,2,1,0
BRDA:70,3,0,0
BRDA:70,3,1,0
BRDA:97,4,0,0
BRDA:97,4,1,0
BRDA:97,5,0,0
BRDA:97,5,1,0
BRDA:102,6,0,0
BRDA:102,6,1,0
BRDA:108,7,0,0
BRDA:108,7,1,0
BRDA:115,8,0,0
BRDA:115,8,1,0
BRDA:120,9,0,0
BRDA:120,9,1,0
BRDA:126,10,0,0
BRDA:126,10,1,0
BRDA:132,11,0,0
BRDA:132,11,1,0
BRDA:132,12,0,0
BRDA:132,12,1,0
BRDA:162,13,0,0
BRDA:162,13,1,0
BRDA:166,14,0,0
BRDA:166,14,1,0
BRDA:169,15,0,0
BRDA:169,15,1,0
BRDA:190,16,0,0
BRDA:190,16,1,0
BRDA:190,16,2,0
BRDA:190,16,3,0
BRDA:210,17,0,0
BRDA:210,17,1,0
BRDA:221,18,0,0
BRDA:221,18,1,0
BRDA:223,19,0,0
BRDA:223,19,1,0
BRDA:242,20,0,0
BRDA:242,20,1,0
BRDA:245,21,0,0
BRDA:245,21,1,0
BRDA:255,22,0,0
BRDA:255,22,1,0
BRDA:255,22,2,0
BRDA:255,22,3,0
BRDA:283,23,0,0
BRDA:286,24,0,0
BRDA:286,24,1,0
BRDA:290,25,0,0
BRDA:290,25,1,0
BRDA:309,26,0,0
BRDA:309,26,1,0
BRDA:314,27,0,0
BRDA:314,27,1,0
BRDA:327,28,0,0
BRDA:327,28,1,0
BRDA:339,29,0,0
BRDA:339,29,1,0
BRDA:363,30,0,0
BRDA:363,30,1,0
BRDA:363,31,0,0
BRDA:363,31,1,0
BRDA:372,32,0,0
BRDA:372,32,1,0
BRDA:372,33,0,0
BRDA:372,33,1,0
BRDA:382,34,0,0
BRDA:382,34,1,0
BRDA:384,35,0,0
BRDA:384,35,1,0
BRDA:386,36,0,0
BRDA:386,36,1,0
BRDA:389,37,0,0
BRDA:389,37,1,0
BRDA:389,38,0,0
BRDA:389,38,1,0
BRDA:390,39,0,0
BRDA:390,39,1,0
BRDA:390,40,0,0
BRDA:390,40,1,0
BRDA:395,41,0,0
BRDA:395,41,1,0
BRDA:398,42,0,0
BRDA:398,42,1,0
BRDA:405,43,0,0
BRDA:405,43,1,0
BRDA:407,44,0,0
BRDA:407,44,1,0
BRDA:409,45,0,0
BRDA:409,45,1,0
BRDA:412,46,0,0
BRDA:412,46,1,0
BRDA:412,47,0,0
BRDA:412,47,1,0
BRDA:413,48,0,0
BRDA:413,48,1,0
BRDA:413,49,0,0
BRDA:413,49,1,0
BRDA:427,50,0,0
BRDA:427,50,1,0
BRDA:427,51,0,0
BRDA:427,51,1,0
BRDA:429,52,0,0
BRDA:429,52,1,0
BRDA:431,53,0,0
BRDA:431,53,1,0
BRDA:434,54,0,0
BRDA:434,54,1,0
BRDA:434,55,0,0
BRDA:434,55,1,0
BRDA:435,56,0,0
BRDA:435,56,1,0
BRDA:435,57,0,0
BRDA:435,57,1,0
BRF:119
BRH:0
end_of_record
TN:
SF:scripts\secure-storage.js
FN:9,(anonymous_0)
FN:29,(anonymous_1)
FN:58,(anonymous_2)
FN:81,(anonymous_3)
FN:88,(anonymous_4)
FN:95,(anonymous_5)
FN:102,(anonymous_6)
FN:107,(anonymous_7)
FN:118,(anonymous_8)
FN:122,(anonymous_9)
FN:135,(anonymous_10)
FN:142,(anonymous_11)
FN:149,(anonymous_12)
FNF:13
FNH:0
FNDA:0,(anonymous_0)
FNDA:0,(anonymous_1)
FNDA:0,(anonymous_2)
FNDA:0,(anonymous_3)
FNDA:0,(anonymous_4)
FNDA:0,(anonymous_5)
FNDA:0,(anonymous_6)
FNDA:0,(anonymous_7)
FNDA:0,(anonymous_8)
FNDA:0,(anonymous_9)
FNDA:0,(anonymous_10)
FNDA:0,(anonymous_11)
FNDA:0,(anonymous_12)
DA:1,0
DA:2,0
DA:10,0
DA:16,0
DA:17,0
DA:18,0
DA:19,0
DA:22,0
DA:30,0
DA:31,0
DA:32,0
DA:35,0
DA:36,0
DA:37,0
DA:38,0
DA:44,0
DA:50,0
DA:51,0
DA:59,0
DA:60,0
DA:61,0
DA:62,0
DA:65,0
DA:66,0
DA:67,0
DA:70,0
DA:73,0
DA:74,0
DA:82,0
DA:89,0
DA:96,0
DA:103,0
DA:104,0
DA:107,0
DA:108,0
DA:109,0
DA:110,0
DA:119,0
DA:120,0
DA:122,0
DA:123,0
DA:124,0
DA:125,0
DA:129,0
DA:136,0
DA:143,0
DA:150,0
DA:154,0
LF:48
LH:0
BRDA:18,0,0,0
BRDA:18,0,1,0
BRDA:18,1,0,0
BRDA:18,1,1,0
BRDA:30,2,0,0
BRDA:30,2,1,0
BRDA:36,3,0,0
BRDA:36,3,1,0
BRDA:61,4,0,0
BRDA:61,4,1,0
BRDA:61,5,0,0
BRDA:61,5,1,0
BRDA:65,6,0,0
BRDA:65,6,1,0
BRDA:65,7,0,0
BRDA:65,7,1,0
BRDA:103,8,0,0
BRDA:103,8,1,0
BRDA:103,9,0,0
BRDA:103,9,1,0
BRDA:109,10,0,0
BRDA:109,10,1,0
BRDA:109,11,0,0
BRDA:109,11,1,0
BRDA:124,12,0,0
BRDA:124,12,1,0
BRF:26
BRH:0
end_of_record
TN:
SF:scripts\setup-wizard.js
FN:12,run
FN:37,(anonymous_1)
FN:88,(anonymous_2)
FN:110,(anonymous_3)
FN:110,(anonymous_4)
FN:151,(anonymous_5)
FNF:6
FNH:0
FNDA:0,run
FNDA:0,(anonymous_1)
FNDA:0,(anonymous_2)
FNDA:0,(anonymous_3)
FNDA:0,(anonymous_4)
FNDA:0,(anonymous_5)
DA:1,0
DA:2,0
DA:3,0
DA:4,0
DA:5,0
DA:6,0
DA:8,0
DA:10,0
DA:13,0
DA:14,0
DA:17,0
DA:32,0
DA:37,0
DA:42,0
DA:52,0
DA:53,0
DA:68,0
DA:77,0
DA:78,0
DA:81,0
DA:82,0
DA:83,0
DA:88,0
DA:91,0
DA:95,0
DA:96,0
DA:97,0
DA:98,0
DA:99,0
DA:100,0
DA:101,0
DA:104,0
DA:105,0
DA:106,0
DA:108,0
DA:109,0
DA:110,0
DA:111,0
DA:115,0
DA:116,0
DA:117,0
DA:120,0
DA:121,0
DA:122,0
DA:123,0
DA:125,0
DA:126,0
DA:127,0
DA:130,0
DA:133,0
DA:134,0
DA:135,0
DA:136,0
DA:137,0
DA:139,0
DA:144,0
DA:145,0
DA:146,0
DA:147,0
DA:151,0
DA:152,0
DA:153,0
DA:155,0
DA:156,0
DA:158,0
DA:163,0
DA:167,0
LF:67
LH:0
BRDA:37,0,0,0
BRDA:37,0,1,0
BRDA:47,1,0,0
BRDA:47,1,1,0
BRDA:63,2,0,0
BRDA:63,2,1,0
BRDA:77,3,0,0
BRDA:77,3,1,0
BRDA:81,4,0,0
BRDA:81,4,1,0
BRDA:81,5,0,0
BRDA:81,5,1,0
BRDA:88,6,0,0
BRDA:88,6,1,0
BRDA:108,7,0,0
BRDA:108,7,1,0
BRDA:115,8,0,0
BRDA:115,8,1,0
BRDA:123,9,0,0
BRDA:123,9,1,0
BRDA:133,10,0,0
BRDA:133,10,1,0
BRDA:155,11,0,0
BRDA:155,11,1,0
BRF:24
BRH:0
end_of_record
TN:
SF:scripts\uninstall.js
FN:7,uninstall
FNF:1
FNH:0
FNDA:0,uninstall
DA:1,0
DA:2,0
DA:3,0
DA:5,0
DA:8,0
DA:10,0
DA:19,0
DA:20,0
DA:21,0
DA:23,0
DA:26,0
DA:27,0
DA:28,0
DA:32,0
DA:33,0
DA:36,0
LF:16
LH:0
BRDA:19,0,0,0
BRDA:19,0,1,0
BRDA:32,1,0,0
BRDA:32,1,1,0
BRF:4
BRH:0
end_of_record
TN:
SF:scripts\update-manager.js
FN:8,(anonymous_0)
FN:17,(anonymous_1)
FN:18,(anonymous_2)
FN:19,(anonymous_3)
FN:22,(anonymous_4)
FN:26,(anonymous_5)
FN:45,(anonymous_6)
FN:59,(anonymous_7)
FN:73,(anonymous_8)
FN:139,(anonymous_9)
FN:160,(anonymous_10)
FN:174,(anonymous_11)
FNF:12
FNH:0
FNDA:0,(anonymous_0)
FNDA:0,(anonymous_1)
FNDA:0,(anonymous_2)
FNDA:0,(anonymous_3)
FNDA:0,(anonymous_4)
FNDA:0,(anonymous_5)
FNDA:0,(anonymous_6)
FNDA:0,(anonymous_7)
FNDA:0,(anonymous_8)
FNDA:0,(anonymous_9)
FNDA:0,(anonymous_10)
FNDA:0,(anonymous_11)
DA:1,0
DA:2,0
DA:3,0
DA:4,0
DA:5,0
DA:9,0
DA:10,0
DA:11,0
DA:18,0
DA:19,0
DA:20,0
DA:22,0
DA:23,0
DA:26,0
DA:27,0
DA:28,0
DA:29,0
DA:31,0
DA:38,0
DA:46,0
DA:60,0
DA:61,0
DA:63,0
DA:64,0
DA:65,0
DA:67,0
DA:74,0
DA:76,0
DA:77,0
DA:79,0
DA:80,0
DA:81,0
DA:84,0
DA:85,0
DA:86,0
DA:89,0
DA:90,0
DA:92,0
DA:94,0
DA:96,0
DA:98,0
DA:103,0
DA:105,0
DA:106,0
DA:108,0
DA:115,0
DA:116,0
DA:117,0
DA:118,0
DA:119,0
DA:121,0
DA:128,0
DA:129,0
DA:140,0
DA:141,0
DA:143,0
DA:144,0
DA:151,0
DA:153,0
DA:161,0
DA:162,0
DA:163,0
DA:164,0
DA:165,0
DA:166,0
DA:167,0
DA:168,0
DA:175,0
DA:176,0
DA:178,0
DA:179,0
DA:182,0
DA:183,0
DA:184,0
DA:186,0
DA:195,0
DA:196,0
DA:198,0
DA:199,0
DA:204,0
LF:80
LH:0
BRDA:35,0,0,0
BRDA:35,0,1,0
BRDA:64,1,0,0
BRDA:64,1,1,0
BRDA:65,2,0,0
BRDA:65,2,1,0
BRDA:79,3,0,0
BRDA:79,3,1,0
BRDA:84,4,0,0
BRDA:84,4,1,0
BRDA:143,5,0,0
BRDA:143,5,1,0
BRDA:143,6,0,0
BRDA:143,6,1,0
BRDA:178,7,0,0
BRDA:178,7,1,0
BRDA:195,8,0,0
BRDA:195,8,1,0
BRF:18
BRH:0
end_of_record
TN:
SF:scripts\whisper-setup.js
FN:20,downloadFile
FN:21,(anonymous_1)
FN:23,(anonymous_2)
FN:31,(anonymous_3)
FN:35,(anonymous_4)
FN:36,(anonymous_5)
FN:42,setup
FNF:7
FNH:0
FNDA:0,downloadFile
FNDA:0,(anonymous_1)
FNDA:0,(anonymous_2)
FNDA:0,(anonymous_3)
FNDA:0,(anonymous_4)
FNDA:0,(anonymous_5)
FNDA:0,setup
DA:1,0
DA:2,0
DA:3,0
DA:4,0
DA:5,0
DA:6,0
DA:7,0
DA:9,0
DA:11,0
DA:16,0
DA:21,0
DA:22,0
DA:23,0
DA:24,0
DA:26,0
DA:27,0
DA:30,0
DA:31,0
DA:32,0
DA:33,0
DA:36,0
DA:37,0
DA:43,0
DA:45,0
DA:46,0
DA:48,0
DA:49,0
DA:51,0
DA:53,0
DA:55,0
DA:56,0
DA:57,0
DA:58,0
DA:59,0
DA:61,0
DA:65,0
DA:66,0
DA:67,0
DA:69,0
DA:70,0
DA:71,0
DA:72,0
DA:73,0
DA:74,0
DA:75,0
DA:77,0
DA:80,0
DA:81,0
DA:82,0
DA:84,0
DA:85,0
DA:88,0
DA:92,0
DA:93,0
DA:96,0
LF:55
LH:0
BRDA:24,0,0,0
BRDA:24,0,1,0
BRDA:24,1,0,0
BRDA:24,1,1,0
BRDA:48,2,0,0
BRDA:48,2,1,0
BRDA:49,3,0,0
BRDA:49,3,1,0
BRDA:56,4,0,0
BRDA:56,4,1,0
BRDA:66,5,0,0
BRDA:66,5,1,0
BRDA:69,6,0,0
BRDA:69,6,1,0
BRDA:92,7,0,0
BRDA:92,7,1,0
BRF:16
BRH:0
end_of_record
TN:
SF:scripts\workflow-manager-cli.js
FN:6,run
FN:33,(anonymous_1)
FN:36,(anonymous_2)
FN:46,(anonymous_3)
FN:81,(anonymous_4)
FNF:5
FNH:0
FNDA:0,run
FNDA:0,(anonymous_1)
FNDA:0,(anonymous_2)
FNDA:0,(anonymous_3)
FNDA:0,(anonymous_4)
DA:1,0
DA:2,0
DA:3,0
DA:4,0
DA:7,0
DA:9,0
DA:10,0
DA:12,0
DA:26,0
DA:28,0
DA:29,0
DA:30,0
DA:32,0
DA:33,0
DA:34,0
DA:35,0
DA:36,0
DA:37,0
DA:40,0
DA:41,0
DA:46,0
DA:50,0
DA:51,0
DA:53,0
DA:54,0
DA:69,0
DA:70,0
DA:71,0
DA:72,0
DA:74,0
DA:76,0
DA:81,0
DA:84,0
DA:88,0
DA:89,0
DA:90,0
DA:91,0
DA:93,0
DA:94,0
DA:95,0
DA:96,0
DA:99,0
DA:108,0
DA:110,0
DA:111,0
DA:112,0
DA:116,0
DA:119,0
LF:48
LH:0
BRDA:9,0,0,0
BRDA:9,0,1,0
BRDA:26,1,0,0
BRDA:26,1,1,0
BRDA:28,2,0,0
BRDA:28,2,1,0
BRDA:29,3,0,0
BRDA:29,3,1,0
BRDA:40,4,0,0
BRDA:40,4,1,0
BRDA:46,5,0,0
BRDA:46,5,1,0
BRDA:69,6,0,0
BRDA:69,6,1,0
BRDA:70,7,0,0
BRDA:70,7,1,0
BRDA:81,8,0,0
BRDA:81,8,1,0
BRDA:93,9,0,0
BRDA:93,9,1,0
BRDA:94,10,0,0
BRDA:94,10,1,0
BRDA:108,11,0,0
BRDA:108,11,1,0
BRF:24
BRH:0
end_of_record
TN:
SF:services\anthropic.js
FN:6,(anonymous_0)
FN:29,(anonymous_1)
FN:38,(anonymous_2)
FN:45,(anonymous_3)
FN:108,(anonymous_4)
FN:109,(anonymous_5)
FN:134,(anonymous_6)
FN:137,(anonymous_7)
FN:138,(anonymous_8)
FN:144,(anonymous_9)
FN:145,(anonymous_10)
FN:184,(anonymous_11)
FN:192,(anonymous_12)
FN:198,(anonymous_13)
FN:199,(anonymous_14)
FN:220,(anonymous_15)
FN:222,(anonymous_16)
FN:223,(anonymous_17)
FN:236,(anonymous_18)
FNF:19
FNH:0
FNDA:0,(anonymous_0)
FNDA:0,(anonymous_1)
FNDA:0,(anonymous_2)
FNDA:0,(anonymous_3)
FNDA:0,(anonymous_4)
FNDA:0,(anonymous_5)
FNDA:0,(anonymous_6)
FNDA:0,(anonymous_7)
FNDA:0,(anonymous_8)
FNDA:0,(anonymous_9)
FNDA:0,(anonymous_10)
FNDA:0,(anonymous_11)
FNDA:0,(anonymous_12)
FNDA:0,(anonymous_13)
FNDA:0,(anonymous_14)
FNDA:0,(anonymous_15)
FNDA:0,(anonymous_16)
FNDA:0,(anonymous_17)
FNDA:0,(anonymous_18)
DA:1,0
DA:2,0
DA:3,0
DA:7,0
DA:8,0
DA:9,0
DA:10,0
DA:13,0
DA:29,0
DA:35,0
DA:39,0
DA:40,0
DA:43,0
DA:44,0
DA:45,0
DA:46,0
DA:47,0
DA:48,0
DA:57,0
DA:59,0
DA:60,0
DA:66,0
DA:67,0
DA:68,0
DA:71,0
DA:74,0
DA:75,0
DA:76,0
DA:77,0
DA:79,0
DA:88,0
DA:90,0
DA:91,0
DA:94,0
DA:100,0
DA:101,0
DA:109,0
DA:110,0
DA:119,0
DA:131,0
DA:132,0
DA:134,0
DA:135,0
DA:136,0
DA:137,0
DA:138,0
DA:139,0
DA:141,0
DA:144,0
DA:145,0
DA:147,0
DA:148,0
DA:149,0
DA:151,0
DA:152,0
DA:155,0
DA:156,0
DA:159,0
DA:160,0
DA:161,0
DA:162,0
DA:168,0
DA:169,0
DA:170,0
DA:171,0
DA:184,0
DA:185,0
DA:192,0
DA:193,0
DA:194,0
DA:199,0
DA:200,0
DA:208,0
DA:220,0
DA:221,0
DA:222,0
DA:223,0
DA:224,0
DA:225,0
DA:226,0
DA:228,0
DA:231,0
DA:236,0
DA:237,0
DA:238,0
DA:243,0
LF:86
LH:0
BRDA:6,0,0,0
BRDA:6,1,0,0
BRDA:43,2,0,0
BRDA:43,2,1,0
BRDA:46,3,0,0
BRDA:46,3,1,0
BRDA:46,4,0,0
BRDA:46,4,1,0
BRDA:47,5,0,0
BRDA:47,5,1,0
BRDA:49,6,0,0
BRDA:49,6,1,0
BRDA:59,7,0,0
BRDA:59,7,1,0
BRDA:67,8,0,0
BRDA:67,8,1,0
BRDA:74,9,0,0
BRDA:74,9,1,0
BRDA:80,10,0,0
BRDA:80,10,1,0
BRDA:81,11,0,0
BRDA:81,11,1,0
BRDA:82,12,0,0
BRDA:82,12,1,0
BRDA:82,13,0,0
BRDA:82,13,1,0
BRDA:83,14,0,0
BRDA:83,14,1,0
BRDA:90,15,0,0
BRDA:90,15,1,0
BRDA:135,16,0,0
BRDA:135,16,1,0
BRDA:135,17,0,0
BRDA:135,17,1,0
BRDA:148,18,0,0
BRDA:148,18,1,0
BRDA:155,19,0,0
BRDA:155,19,1,0
BRDA:159,20,0,0
BRDA:159,20,1,0
BRDA:159,21,0,0
BRDA:159,21,1,0
BRDA:161,22,0,0
BRDA:161,22,1,0
BRDA:168,23,0,0
BRDA:168,23,1,0
BRDA:170,24,0,0
BRDA:170,24,1,0
BRDA:224,25,0,0
BRDA:224,25,1,0
BRDA:224,26,0,0
BRDA:224,26,1,0
BRF:52
BRH:0
end_of_record
TN:
SF:services\deepseek.js
FN:6,(anonymous_0)
FN:31,(anonymous_1)
FN:43,(anonymous_2)
FN:57,(anonymous_3)
FN:110,(anonymous_4)
FN:111,(anonymous_5)
FN:135,(anonymous_6)
FN:138,(anonymous_7)
FN:139,(anonymous_8)
FN:145,(anonymous_9)
FN:146,(anonymous_10)
FN:185,(anonymous_11)
FN:204,(anonymous_12)
FNF:13
FNH:0
FNDA:0,(anonymous_0)
FNDA:0,(anonymous_1)
FNDA:0,(anonymous_2)
FNDA:0,(anonymous_3)
FNDA:0,(anonymous_4)
FNDA:0,(anonymous_5)
FNDA:0,(anonymous_6)
FNDA:0,(anonymous_7)
FNDA:0,(anonymous_8)
FNDA:0,(anonymous_9)
FNDA:0,(anonymous_10)
FNDA:0,(anonymous_11)
FNDA:0,(anonymous_12)
DA:1,0
DA:2,0
DA:3,0
DA:7,0
DA:8,0
DA:9,0
DA:10,0
DA:13,0
DA:31,0
DA:40,0
DA:44,0
DA:45,0
DA:47,0
DA:48,0
DA:53,0
DA:55,0
DA:56,0
DA:57,0
DA:58,0
DA:59,0
DA:60,0
DA:68,0
DA:70,0
DA:71,0
DA:72,0
DA:75,0
DA:77,0
DA:78,0
DA:79,0
DA:80,0
DA:82,0
DA:90,0
DA:92,0
DA:93,0
DA:96,0
DA:102,0
DA:103,0
DA:111,0
DA:112,0
DA:120,0
DA:131,0
DA:132,0
DA:133,0
DA:135,0
DA:136,0
DA:137,0
DA:138,0
DA:139,0
DA:140,0
DA:142,0
DA:145,0
DA:146,0
DA:148,0
DA:149,0
DA:150,0
DA:152,0
DA:153,0
DA:156,0
DA:157,0
DA:158,0
DA:160,0
DA:162,0
DA:163,0
DA:164,0
DA:165,0
DA:169,0
DA:170,0
DA:171,0
DA:172,0
DA:174,0
DA:175,0
DA:185,0
DA:186,0
DA:187,0
DA:188,0
DA:193,0
DA:197,0
DA:204,0
DA:205,0
DA:206,0
DA:211,0
LF:81
LH:0
BRDA:6,0,0,0
BRDA:6,1,0,0
BRDA:47,2,0,0
BRDA:47,2,1,0
BRDA:55,3,0,0
BRDA:55,3,1,0
BRDA:58,4,0,0
BRDA:58,4,1,0
BRDA:58,5,0,0
BRDA:58,5,1,0
BRDA:59,6,0,0
BRDA:59,6,1,0
BRDA:61,7,0,0
BRDA:61,7,1,0
BRDA:71,8,0,0
BRDA:71,8,1,0
BRDA:77,9,0,0
BRDA:77,9,1,0
BRDA:83,10,0,0
BRDA:83,10,1,0
BRDA:84,11,0,0
BRDA:84,11,1,0
BRDA:85,12,0,0
BRDA:85,12,1,0
BRDA:85,13,0,0
BRDA:85,13,1,0
BRDA:86,14,0,0
BRDA:86,14,1,0
BRDA:92,15,0,0
BRDA:92,15,1,0
BRDA:136,16,0,0
BRDA:136,16,1,0
BRDA:136,17,0,0
BRDA:136,17,1,0
BRDA:149,18,0,0
BRDA:149,18,1,0
BRDA:152,19,0,0
BRDA:152,19,1,0
BRDA:160,20,0,0
BRDA:160,20,1,0
BRDA:162,21,0,0
BRDA:162,21,1,0
BRDA:164,22,0,0
BRDA:164,22,1,0
BRDA:169,23,0,0
BRDA:169,23,1,0
BRDA:171,24,0,0
BRDA:171,24,1,0
BRDA:174,25,0,0
BRDA:174,25,1,0
BRDA:186,26,0,0
BRDA:186,26,1,0
BRF:52
BRH:0
end_of_record
TN:
SF:services\gemini.js
FN:6,(anonymous_0)
FN:47,(anonymous_1)
FNF:2
FNH:2
FNDA:4,(anonymous_0)
FNDA:1,(anonymous_1)
DA:1,1
DA:2,1
DA:3,1
DA:7,4
DA:8,4
DA:9,4
DA:12,4
DA:29,4
DA:31,4
DA:33,4
DA:48,1
DA:49,1
DA:51,1
DA:52,1
DA:56,1
DA:61,1
DA:63,1
DA:65,0
DA:66,0
DA:68,0
DA:69,0
DA:72,0
DA:73,0
DA:75,0
DA:77,0
DA:78,0
DA:79,0
DA:82,0
DA:83,0
DA:84,0
DA:89,0
DA:90,0
DA:91,0
DA:92,0
DA:95,0
DA:96,0
DA:99,0
DA:108,0
DA:109,0
DA:112,0
DA:118,1
DA:120,1
DA:125,1
LF:43
LH:20
BRDA:6,0,0,0
BRDA:6,1,0,1
BRDA:31,2,0,4
BRDA:31,2,1,0
BRDA:51,3,0,1
BRDA:51,3,1,0
BRDA:68,4,0,0
BRDA:68,4,1,0
BRDA:77,5,0,0
BRDA:77,5,1,0
BRDA:77,6,0,0
BRDA:77,6,1,0
BRDA:82,7,0,0
BRDA:82,7,1,0
BRDA:84,8,0,0
BRDA:84,8,1,0
BRDA:89,9,0,0
BRDA:89,9,1,0
BRDA:95,10,0,0
BRDA:95,10,1,0
BRDA:95,11,0,0
BRDA:95,11,1,0
BRDA:103,12,0,0
BRDA:103,12,1,0
BRDA:108,13,0,0
BRDA:108,13,1,0
BRF:26
BRH:3
end_of_record
TN:
SF:services\openai.js
FN:6,(anonymous_0)
FN:32,(anonymous_1)
FN:44,(anonymous_2)
FN:61,(anonymous_3)
FN:125,(anonymous_4)
FN:126,(anonymous_5)
FN:150,(anonymous_6)
FN:153,(anonymous_7)
FN:154,(anonymous_8)
FN:160,(anonymous_9)
FN:161,(anonymous_10)
FN:202,(anonymous_11)
FN:222,(anonymous_12)
FNF:13
FNH:0
FNDA:0,(anonymous_0)
FNDA:0,(anonymous_1)
FNDA:0,(anonymous_2)
FNDA:0,(anonymous_3)
FNDA:0,(anonymous_4)
FNDA:0,(anonymous_5)
FNDA:0,(anonymous_6)
FNDA:0,(anonymous_7)
FNDA:0,(anonymous_8)
FNDA:0,(anonymous_9)
FNDA:0,(anonymous_10)
FNDA:0,(anonymous_11)
FNDA:0,(anonymous_12)
DA:1,0
DA:2,0
DA:3,0
DA:7,0
DA:8,0
DA:9,0
DA:10,0
DA:13,0
DA:32,0
DA:41,0
DA:45,0
DA:46,0
DA:49,0
DA:50,0
DA:56,0
DA:59,0
DA:60,0
DA:61,0
DA:63,0
DA:64,0
DA:65,0
DA:74,0
DA:76,0
DA:78,0
DA:79,0
DA:82,0
DA:85,0
DA:86,0
DA:87,0
DA:89,0
DA:92,0
DA:93,0
DA:96,0
DA:105,0
DA:107,0
DA:108,0
DA:111,0
DA:117,0
DA:118,0
DA:126,0
DA:127,0
DA:135,0
DA:146,0
DA:147,0
DA:148,0
DA:150,0
DA:151,0
DA:152,0
DA:153,0
DA:154,0
DA:155,0
DA:157,0
DA:160,0
DA:161,0
DA:163,0
DA:164,0
DA:165,0
DA:167,0
DA:168,0
DA:171,0
DA:172,0
DA:173,0
DA:175,0
DA:178,0
DA:179,0
DA:180,0
DA:181,0
DA:186,0
DA:187,0
DA:188,0
DA:189,0
DA:191,0
DA:192,0
DA:202,0
DA:204,0
DA:205,0
DA:206,0
DA:211,0
DA:215,0
DA:222,0
DA:223,0
DA:224,0
DA:229,0
LF:83
LH:0
BRDA:6,0,0,0
BRDA:6,1,0,0
BRDA:49,2,0,0
BRDA:49,2,1,0
BRDA:59,3,0,0
BRDA:59,3,1,0
BRDA:63,4,0,0
BRDA:63,4,1,0
BRDA:63,5,0,0
BRDA:63,5,1,0
BRDA:64,6,0,0
BRDA:64,6,1,0
BRDA:66,7,0,0
BRDA:66,7,1,0
BRDA:78,8,0,0
BRDA:78,8,1,0
BRDA:85,9,0,0
BRDA:85,9,1,0
BRDA:92,10,0,0
BRDA:92,10,1,0
BRDA:92,11,0,0
BRDA:92,11,1,0
BRDA:97,12,0,0
BRDA:97,12,1,0
BRDA:98,13,0,0
BRDA:98,13,1,0
BRDA:99,14,0,0
BRDA:99,14,1,0
BRDA:99,15,0,0
BRDA:99,15,1,0
BRDA:100,16,0,0
BRDA:100,16,1,0
BRDA:107,17,0,0
BRDA:107,17,1,0
BRDA:151,18,0,0
BRDA:151,18,1,0
BRDA:151,19,0,0
BRDA:151,19,1,0
BRDA:164,20,0,0
BRDA:164,20,1,0
BRDA:167,21,0,0
BRDA:167,21,1,0
BRDA:175,22,0,0
BRDA:175,22,1,0
BRDA:178,23,0,0
BRDA:178,23,1,0
BRDA:180,24,0,0
BRDA:180,24,1,0
BRDA:186,25,0,0
BRDA:186,25,1,0
BRDA:188,26,0,0
BRDA:188,26,1,0
BRDA:191,27,0,0
BRDA:191,27,1,0
BRDA:204,28,0,0
BRDA:204,28,1,0
BRF:56
BRH:0
end_of_record
TN:
SF:services\system.js
FN:10,(anonymous_0)
FN:11,(anonymous_1)
FN:29,(anonymous_2)
FN:37,(anonymous_3)
FN:40,(anonymous_4)
FN:51,(anonymous_5)
FN:59,(anonymous_6)
FN:60,(anonymous_7)
FN:66,(anonymous_8)
FN:74,(anonymous_9)
FN:75,(anonymous_10)
FN:76,(anonymous_11)
FN:83,(anonymous_12)
FN:84,(anonymous_13)
FN:85,(anonymous_14)
FN:92,(anonymous_15)
FN:93,(anonymous_16)
FN:98,(anonymous_17)
FN:105,(anonymous_18)
FN:106,(anonymous_19)
FN:107,(anonymous_20)
FN:115,(anonymous_21)
FN:129,(anonymous_22)
FN:130,(anonymous_23)
FN:141,(anonymous_24)
FN:149,(anonymous_25)
FN:150,(anonymous_26)
FN:151,(anonymous_27)
FN:162,(anonymous_28)
FN:172,(anonymous_29)
FN:173,(anonymous_30)
FN:176,(anonymous_31)
FN:184,(anonymous_32)
FN:185,(anonymous_33)
FN:200,(anonymous_34)
FNF:35
FNH:0
FNDA:0,(anonymous_0)
FNDA:0,(anonymous_1)
FNDA:0,(anonymous_2)
FNDA:0,(anonymous_3)
FNDA:0,(anonymous_4)
FNDA:0,(anonymous_5)
FNDA:0,(anonymous_6)
FNDA:0,(anonymous_7)
FNDA:0,(anonymous_8)
FNDA:0,(anonymous_9)
FNDA:0,(anonymous_10)
FNDA:0,(anonymous_11)
FNDA:0,(anonymous_12)
FNDA:0,(anonymous_13)
FNDA:0,(anonymous_14)
FNDA:0,(anonymous_15)
FNDA:0,(anonymous_16)
FNDA:0,(anonymous_17)
FNDA:0,(anonymous_18)
FNDA:0,(anonymous_19)
FNDA:0,(anonymous_20)
FNDA:0,(anonymous_21)
FNDA:0,(anonymous_22)
FNDA:0,(anonymous_23)
FNDA:0,(anonymous_24)
FNDA:0,(anonymous_25)
FNDA:0,(anonymous_26)
FNDA:0,(anonymous_27)
FNDA:0,(anonymous_28)
FNDA:0,(anonymous_29)
FNDA:0,(anonymous_30)
FNDA:0,(anonymous_31)
FNDA:0,(anonymous_32)
FNDA:0,(anonymous_33)
FNDA:0,(anonymous_34)
DA:1,0
DA:2,0
DA:3,0
DA:4,0
DA:6,0
DA:8,0
DA:11,0
DA:13,0
DA:14,0
DA:15,0
DA:20,0
DA:21,0
DA:22,0
DA:23,0
DA:26,0
DA:29,0
DA:30,0
DA:31,0
DA:38,0
DA:39,0
DA:40,0
DA:43,0
DA:44,0
DA:45,0
DA:46,0
DA:48,0
DA:51,0
DA:52,0
DA:53,0
DA:60,0
DA:62,0
DA:66,0
DA:67,0
DA:68,0
DA:75,0
DA:76,0
DA:77,0
DA:78,0
DA:84,0
DA:85,0
DA:86,0
DA:87,0
DA:93,0
DA:94,0
DA:98,0
DA:99,0
DA:100,0
DA:106,0
DA:107,0
DA:108,0
DA:109,0
DA:116,0
DA:130,0
DA:133,0
DA:134,0
DA:135,0
DA:136,0
DA:138,0
DA:141,0
DA:142,0
DA:143,0
DA:150,0
DA:151,0
DA:152,0
DA:153,0
DA:155,0
DA:163,0
DA:173,0
DA:174,0
DA:176,0
DA:177,0
DA:178,0
DA:185,0
DA:186,0
DA:189,0
DA:191,0
DA:192,0
DA:194,0
DA:197,0
DA:200,0
DA:201,0
DA:202,0
DA:208,0
LF:83
LH:0
BRDA:13,0,0,0
BRDA:13,0,1,0
BRDA:20,1,0,0
BRDA:20,1,1,0
BRDA:22,2,0,0
BRDA:22,2,1,0
BRDA:30,3,0,0
BRDA:30,3,1,0
BRDA:43,4,0,0
BRDA:43,4,1,0
BRDA:45,5,0,0
BRDA:45,5,1,0
BRDA:52,6,0,0
BRDA:52,6,1,0
BRDA:62,7,0,0
BRDA:62,7,1,0
BRDA:67,8,0,0
BRDA:67,8,1,0
BRDA:77,9,0,0
BRDA:77,9,1,0
BRDA:86,10,0,0
BRDA:86,10,1,0
BRDA:94,11,0,0
BRDA:94,11,1,0
BRDA:99,12,0,0
BRDA:99,12,1,0
BRDA:108,13,0,0
BRDA:108,13,1,0
BRDA:133,14,0,0
BRDA:133,14,1,0
BRDA:135,15,0,0
BRDA:135,15,1,0
BRDA:142,16,0,0
BRDA:142,16,1,0
BRDA:152,17,0,0
BRDA:152,17,1,0
BRDA:174,18,0,0
BRDA:174,18,1,0
BRDA:177,19,0,0
BRDA:177,19,1,0
BRDA:189,20,0,0
BRDA:189,20,1,0
BRDA:192,21,0,0
BRDA:192,21,1,0
BRDA:201,22,0,0
BRDA:201,22,1,0
BRF:46
BRH:0
end_of_record
TN:
SF:services\whisper.js
FN:7,(anonymous_0)
FN:15,(anonymous_1)
FN:23,(anonymous_2)
FN:55,(anonymous_3)
FN:69,(anonymous_4)
FN:71,(anonymous_5)
FNF:6
FNH:0
FNDA:0,(anonymous_0)
FNDA:0,(anonymous_1)
FNDA:0,(anonymous_2)
FNDA:0,(anonymous_3)
FNDA:0,(anonymous_4)
FNDA:0,(anonymous_5)
DA:1,0
DA:2,0
DA:3,0
DA:4,0
DA:8,0
DA:9,0
DA:10,0
DA:11,0
DA:12,0
DA:16,0
DA:17,0
DA:19,0
DA:24,0
DA:25,0
DA:28,0
DA:29,0
DA:31,0
DA:32,0
DA:33,0
DA:34,0
DA:35,0
DA:37,0
DA:43,0
DA:44,0
DA:45,0
DA:48,0
DA:49,0
DA:51,0
DA:56,0
DA:57,0
DA:60,0
DA:61,0
DA:63,0
DA:67,0
DA:69,0
DA:70,0
DA:71,0
DA:72,0
DA:73,0
DA:76,0
DA:77,0
DA:81,0
DA:86,0
LF:43
LH:0
BRDA:7,0,0,0
BRDA:10,1,0,0
BRDA:10,1,1,0
BRDA:16,2,0,0
BRDA:16,2,1,0
BRDA:24,3,0,0
BRDA:24,3,1,0
BRDA:43,4,0,0
BRDA:43,4,1,0
BRDA:45,5,0,0
BRDA:45,5,1,0
BRDA:51,6,0,0
BRDA:51,6,1,0
BRDA:56,7,0,0
BRDA:56,7,1,0
BRDA:56,8,0,0
BRDA:56,8,1,0
BRDA:72,9,0,0
BRDA:72,9,1,0
BRDA:81,10,0,0
BRDA:81,10,1,0
BRF:21
BRH:0
end_of_record
TN:
SF:utils\branding.js
FN:22,printLogo
FN:30,getLogo
FN:38,getLogoPlain
FNF:3
FNH:0
FNDA:0,printLogo
FNDA:0,getLogo
FNDA:0,getLogoPlain
DA:7,0
DA:8,0
DA:10,0
DA:23,0
DA:31,0
DA:39,0
DA:49,0
LF:7
LH:0
BRF:0
BRH:0
end_of_record
TN:
SF:utils\constants.js
FNF:0
FNH:0
DA:6,0
LF:1
LH:0
BRF:0
BRH:0
end_of_record
TN:
SF:utils\error-handler.js
FN:8,(anonymous_0)
FN:15,(anonymous_1)
FN:48,(anonymous_2)
FN:69,(anonymous_3)
FN:86,(anonymous_4)
FN:95,(anonymous_5)
FN:103,(anonymous_6)
FN:115,(anonymous_7)
FN:127,(anonymous_8)
FN:142,(anonymous_9)
FN:154,(anonymous_10)
FN:172,(anonymous_11)
FNF:12
FNH:2
FNDA:1,(anonymous_0)
FNDA:0,(anonymous_1)
FNDA:0,(anonymous_2)
FNDA:0,(anonymous_3)
FNDA:0,(anonymous_4)
FNDA:0,(anonymous_5)
FNDA:0,(anonymous_6)
FNDA:0,(anonymous_7)
FNDA:0,(anonymous_8)
FNDA:0,(anonymous_9)
FNDA:0,(anonymous_10)
FNDA:1,(anonymous_11)
DA:1,2
DA:9,1
DA:16,0
DA:18,0
DA:30,0
DA:31,0
DA:35,0
DA:36,0
DA:37,0
DA:42,0
DA:49,0
DA:51,0
DA:59,0
DA:60,0
DA:63,0
DA:70,0
DA:72,0
DA:73,0
DA:76,0
DA:77,0
DA:80,0
DA:87,0
DA:89,0
DA:96,0
DA:97,0
DA:104,0
DA:105,0
DA:107,0
DA:108,0
DA:116,0
DA:117,0
DA:119,0
DA:120,0
DA:130,0
DA:131,0
DA:132,0
DA:134,0
DA:135,0
DA:141,0
DA:142,0
DA:147,0
DA:148,0
DA:155,0
DA:156,0
DA:159,0
DA:160,0
DA:163,0
DA:164,0
DA:169,2
DA:171,2
DA:173,1
DA:174,1
DA:176,1
LF:53
LH:7
BRDA:30,0,0,0
BRDA:30,0,1,0
BRDA:30,1,0,0
BRDA:30,1,1,0
BRDA:36,2,0,0
BRDA:36,2,1,0
BRDA:36,3,0,0
BRDA:36,3,1,0
BRDA:59,4,0,0
BRDA:59,4,1,0
BRDA:59,5,0,0
BRDA:59,5,1,0
BRDA:72,6,0,0
BRDA:72,6,1,0
BRDA:76,7,0,0
BRDA:76,7,1,0
BRDA:103,8,0,0
BRDA:115,9,0,0
BRDA:127,10,0,0
BRDA:127,11,0,0
BRDA:127,12,0,0
BRDA:141,13,0,0
BRDA:141,13,1,0
BRDA:154,14,0,0
BRDA:155,15,0,0
BRDA:155,15,1,0
BRDA:159,16,0,0
BRDA:159,16,1,0
BRDA:163,17,0,0
BRDA:163,17,1,0
BRDA:164,18,0,0
BRDA:164,18,1,0
BRDA:173,19,0,1
BRDA:173,19,1,0
BRF:34
BRH:1
end_of_record
TN:
SF:utils\input-validator.js
FN:9,(anonymous_0)
FN:61,(anonymous_1)
FN:97,(anonymous_2)
FN:121,(anonymous_3)
FN:145,(anonymous_4)
FN:174,(anonymous_5)
FN:179,(anonymous_6)
FN:198,(anonymous_7)
FN:200,(anonymous_8)
FN:201,(anonymous_9)
FN:202,(anonymous_10)
FN:203,(anonymous_11)
FN:204,(anonymous_12)
FN:205,(anonymous_13)
FN:206,(anonymous_14)
FN:207,(anonymous_15)
FN:222,(anonymous_16)
FN:240,(anonymous_17)
FNF:18
FNH:12
FNDA:1,(anonymous_0)
FNDA:4,(anonymous_1)
FNDA:4,(anonymous_2)
FNDA:3,(anonymous_3)
FNDA:3,(anonymous_4)
FNDA:55,(anonymous_5)
FNDA:655,(anonymous_6)
FNDA:4,(anonymous_7)
FNDA:2,(anonymous_8)
FNDA:0,(anonymous_9)
FNDA:0,(anonymous_10)
FNDA:0,(anonymous_11)
FNDA:0,(anonymous_12)
FNDA:2,(anonymous_13)
FNDA:0,(anonymous_14)
FNDA:0,(anonymous_15)
FNDA:2,(anonymous_16)
FNDA:20,(anonymous_17)
DA:1,1
DA:2,1
DA:10,1
DA:11,1
DA:14,1
DA:27,1
DA:43,1
DA:54,1
DA:55,1
DA:62,4
DA:65,4
DA:66,0
DA:70,4
DA:71,25
DA:72,3
DA:73,3
DA:78,1
DA:79,1
DA:80,1
DA:84,0
DA:85,0
DA:86,0
DA:90,0
DA:91,0
DA:98,4
DA:99,0
DA:103,4
DA:104,1
DA:108,3
DA:109,12
DA:110,2
DA:111,2
DA:115,1
DA:122,3
DA:123,0
DA:127,3
DA:130,3
DA:133,3
DA:134,3
DA:135,1
DA:136,1
DA:139,3
DA:146,3
DA:147,1
DA:150,2
DA:151,2
DA:152,1
DA:156,1
DA:163,1
DA:164,1
DA:168,1
DA:175,55
DA:176,55
DA:179,655
DA:182,55
DA:183,1
DA:187,1
DA:191,54
DA:192,54
DA:199,4
DA:200,2
DA:201,0
DA:202,0
DA:203,0
DA:204,0
DA:205,2
DA:206,0
DA:207,0
DA:210,4
DA:211,4
DA:212,2
DA:216,2
DA:223,2
DA:224,0
DA:228,2
DA:229,1
DA:232,1
DA:237,1
DA:239,1
DA:241,20
DA:242,1
DA:244,20
LF:82
LH:67
BRDA:61,0,0,4
BRDA:62,1,0,4
BRDA:62,1,1,0
BRDA:65,2,0,0
BRDA:65,2,1,4
BRDA:71,3,0,3
BRDA:71,3,1,22
BRDA:79,4,0,1
BRDA:79,4,1,0
BRDA:84,5,0,0
BRDA:84,5,1,0
BRDA:98,6,0,0
BRDA:98,6,1,4
BRDA:98,7,0,4
BRDA:98,7,1,4
BRDA:103,8,0,1
BRDA:103,8,1,3
BRDA:109,9,0,2
BRDA:109,9,1,10
BRDA:122,10,0,0
BRDA:122,10,1,3
BRDA:134,11,0,1
BRDA:134,11,1,2
BRDA:146,12,0,1
BRDA:146,12,1,2
BRDA:146,13,0,3
BRDA:146,13,1,2
BRDA:151,14,0,1
BRDA:151,14,1,1
BRDA:163,15,0,1
BRDA:163,15,1,0
BRDA:163,16,0,1
BRDA:163,16,1,1
BRDA:182,17,0,1
BRDA:182,17,1,54
BRDA:210,18,0,4
BRDA:210,18,1,0
BRDA:211,19,0,2
BRDA:211,19,1,2
BRDA:223,20,0,0
BRDA:223,20,1,2
BRDA:223,21,0,2
BRDA:223,21,1,2
BRDA:228,22,0,1
BRDA:228,22,1,1
BRDA:241,23,0,1
BRDA:241,23,1,19
BRF:47
BRH:37
end_of_record
TN:
SF:utils\logger.js
FN:10,(anonymous_0)
FN:25,(anonymous_1)
FN:65,(anonymous_2)
FN:69,(anonymous_3)
FN:73,(anonymous_4)
FN:88,(anonymous_5)
FN:95,(anonymous_6)
FN:116,(anonymous_7)
FN:133,(anonymous_8)
FN:142,(anonymous_9)
FNF:10
FNH:4
FNDA:1,(anonymous_0)
FNDA:8,(anonymous_1)
FNDA:0,(anonymous_2)
FNDA:8,(anonymous_3)
FNDA:0,(anonymous_4)
FNDA:0,(anonymous_5)
FNDA:0,(anonymous_6)
FNDA:0,(anonymous_7)
FNDA:0,(anonymous_8)
FNDA:2,(anonymous_9)
DA:1,2
DA:2,2
DA:3,2
DA:11,1
DA:14,1
DA:22,1
DA:26,8
DA:27,8
DA:28,8
DA:30,8
DA:35,1
DA:56,1
DA:57,1
DA:66,0
DA:70,8
DA:74,0
DA:75,0
DA:84,0
DA:89,0
DA:96,0
DA:102,0
DA:103,0
DA:106,0
DA:107,0
DA:109,0
DA:117,0
DA:119,0
DA:120,0
DA:123,0
DA:124,0
DA:126,0
DA:134,0
DA:139,2
DA:141,2
DA:143,2
DA:144,1
DA:146,2
LF:37
LH:19
BRDA:11,0,0,1
BRDA:11,0,1,0
BRDA:27,1,0,8
BRDA:27,1,1,0
BRDA:36,2,0,1
BRDA:36,2,1,1
BRDA:56,3,0,1
BRDA:56,3,1,0
BRDA:65,4,0,0
BRDA:69,5,0,0
BRDA:73,6,0,0
BRDA:73,7,0,0
BRDA:74,8,0,0
BRDA:74,8,1,0
BRDA:88,9,0,0
BRDA:95,10,0,0
BRDA:102,11,0,0
BRDA:102,11,1,0
BRDA:106,12,0,0
BRDA:106,12,1,0
BRDA:116,13,0,0
BRDA:119,14,0,0
BRDA:119,14,1,0
BRDA:123,15,0,0
BRDA:123,15,1,0
BRDA:133,16,0,0
BRDA:143,17,0,1
BRDA:143,17,1,1
BRF:28
BRH:7
end_of_record
TN:
SF:utils\tray-icon.js
FN:3,createTrayIcon
FNF:1
FNH:0
FNDA:0,createTrayIcon
DA:1,0
DA:6,0
DA:7,0
DA:10,0
LF:4
LH:0
BRF:0
BRH:0
end_of_record
